-------------------------------------------------------------------------------
Test set: nemo.NemoApplicationTests
-------------------------------------------------------------------------------
Tests run: 2, Failures: 0, Errors: 2, Skipped: 0, Time elapsed: 2.7 s <<< FAILURE! - in nemo.NemoApplicationTests
testSqlSession  Time elapsed: 0.025 s  <<< ERROR!
java.lang.IllegalStateException: Failed to load ApplicationContext
Caused by: org.springframework.beans.factory.BeanCreationException: Error creating bean with name 'projectingArgumentResolverBeanPostProcessor' defined in class path resource [org/springframework/data/web/config/ProjectingArgumentResolverRegistrar.class]: BeanPostProcessor before instantiation of bean failed; nested exception is org.springframework.beans.factory.UnsatisfiedDependencyException: Error creating bean with name 'transactionAspect': Unsatisfied dependency expressed through field 'transactionManager'; nested exception is org.springframework.beans.factory.BeanCreationException: Error creating bean with name 'transactionManager' defined in class path resource [nemo/configuration/DatabaseConfiguration.class]: Bean instantiation via factory method failed; nested exception is org.springframework.beans.BeanInstantiationException: Failed to instantiate [org.springframework.transaction.PlatformTransactionManager]: Factory method 'transactionManager' threw exception; nested exception is org.springframework.beans.factory.BeanCreationException: Error creating bean with name 'dataSource' defined in class path resource [nemo/configuration/DatabaseConfiguration.class]: Bean instantiation via factory method failed; nested exception is org.springframework.beans.BeanInstantiationException: Failed to instantiate [javax.sql.DataSource]: Factory method 'dataSource' threw exception; nested exception is org.springframework.boot.context.properties.ConfigurationPropertiesBindException: Error creating bean with name 'hikariConfig': Could not bind properties to 'HikariConfig' : prefix=spring.datasource.hikari, ignoreInvalidFields=false, ignoreUnknownFields=true; nested exception is org.springframework.boot.context.properties.bind.BindException: Failed to bind properties under 'spring.datasource.hikari' to com.zaxxer.hikari.HikariConfig
Caused by: org.springframework.beans.factory.UnsatisfiedDependencyException: Error creating bean with name 'transactionAspect': Unsatisfied dependency expressed through field 'transactionManager'; nested exception is org.springframework.beans.factory.BeanCreationException: Error creating bean with name 'transactionManager' defined in class path resource [nemo/configuration/DatabaseConfiguration.class]: Bean instantiation via factory method failed; nested exception is org.springframework.beans.BeanInstantiationException: Failed to instantiate [org.springframework.transaction.PlatformTransactionManager]: Factory method 'transactionManager' threw exception; nested exception is org.springframework.beans.factory.BeanCreationException: Error creating bean with name 'dataSource' defined in class path resource [nemo/configuration/DatabaseConfiguration.class]: Bean instantiation via factory method failed; nested exception is org.springframework.beans.BeanInstantiationException: Failed to instantiate [javax.sql.DataSource]: Factory method 'dataSource' threw exception; nested exception is org.springframework.boot.context.properties.ConfigurationPropertiesBindException: Error creating bean with name 'hikariConfig': Could not bind properties to 'HikariConfig' : prefix=spring.datasource.hikari, ignoreInvalidFields=false, ignoreUnknownFields=true; nested exception is org.springframework.boot.context.properties.bind.BindException: Failed to bind properties under 'spring.datasource.hikari' to com.zaxxer.hikari.HikariConfig
Caused by: org.springframework.beans.factory.BeanCreationException: Error creating bean with name 'transactionManager' defined in class path resource [nemo/configuration/DatabaseConfiguration.class]: Bean instantiation via factory method failed; nested exception is org.springframework.beans.BeanInstantiationException: Failed to instantiate [org.springframework.transaction.PlatformTransactionManager]: Factory method 'transactionManager' threw exception; nested exception is org.springframework.beans.factory.BeanCreationException: Error creating bean with name 'dataSource' defined in class path resource [nemo/configuration/DatabaseConfiguration.class]: Bean instantiation via factory method failed; nested exception is org.springframework.beans.BeanInstantiationException: Failed to instantiate [javax.sql.DataSource]: Factory method 'dataSource' threw exception; nested exception is org.springframework.boot.context.properties.ConfigurationPropertiesBindException: Error creating bean with name 'hikariConfig': Could not bind properties to 'HikariConfig' : prefix=spring.datasource.hikari, ignoreInvalidFields=false, ignoreUnknownFields=true; nested exception is org.springframework.boot.context.properties.bind.BindException: Failed to bind properties under 'spring.datasource.hikari' to com.zaxxer.hikari.HikariConfig
Caused by: org.springframework.beans.BeanInstantiationException: Failed to instantiate [org.springframework.transaction.PlatformTransactionManager]: Factory method 'transactionManager' threw exception; nested exception is org.springframework.beans.factory.BeanCreationException: Error creating bean with name 'dataSource' defined in class path resource [nemo/configuration/DatabaseConfiguration.class]: Bean instantiation via factory method failed; nested exception is org.springframework.beans.BeanInstantiationException: Failed to instantiate [javax.sql.DataSource]: Factory method 'dataSource' threw exception; nested exception is org.springframework.boot.context.properties.ConfigurationPropertiesBindException: Error creating bean with name 'hikariConfig': Could not bind properties to 'HikariConfig' : prefix=spring.datasource.hikari, ignoreInvalidFields=false, ignoreUnknownFields=true; nested exception is org.springframework.boot.context.properties.bind.BindException: Failed to bind properties under 'spring.datasource.hikari' to com.zaxxer.hikari.HikariConfig
Caused by: org.springframework.beans.factory.BeanCreationException: Error creating bean with name 'dataSource' defined in class path resource [nemo/configuration/DatabaseConfiguration.class]: Bean instantiation via factory method failed; nested exception is org.springframework.beans.BeanInstantiationException: Failed to instantiate [javax.sql.DataSource]: Factory method 'dataSource' threw exception; nested exception is org.springframework.boot.context.properties.ConfigurationPropertiesBindException: Error creating bean with name 'hikariConfig': Could not bind properties to 'HikariConfig' : prefix=spring.datasource.hikari, ignoreInvalidFields=false, ignoreUnknownFields=true; nested exception is org.springframework.boot.context.properties.bind.BindException: Failed to bind properties under 'spring.datasource.hikari' to com.zaxxer.hikari.HikariConfig
Caused by: org.springframework.beans.BeanInstantiationException: Failed to instantiate [javax.sql.DataSource]: Factory method 'dataSource' threw exception; nested exception is org.springframework.boot.context.properties.ConfigurationPropertiesBindException: Error creating bean with name 'hikariConfig': Could not bind properties to 'HikariConfig' : prefix=spring.datasource.hikari, ignoreInvalidFields=false, ignoreUnknownFields=true; nested exception is org.springframework.boot.context.properties.bind.BindException: Failed to bind properties under 'spring.datasource.hikari' to com.zaxxer.hikari.HikariConfig
Caused by: org.springframework.boot.context.properties.ConfigurationPropertiesBindException: Error creating bean with name 'hikariConfig': Could not bind properties to 'HikariConfig' : prefix=spring.datasource.hikari, ignoreInvalidFields=false, ignoreUnknownFields=true; nested exception is org.springframework.boot.context.properties.bind.BindException: Failed to bind properties under 'spring.datasource.hikari' to com.zaxxer.hikari.HikariConfig
Caused by: org.springframework.boot.context.properties.bind.BindException: Failed to bind properties under 'spring.datasource.hikari' to com.zaxxer.hikari.HikariConfig
Caused by: java.lang.IllegalStateException: Unable to set value for property driver-class-name
Caused by: java.lang.reflect.InvocationTargetException
Caused by: java.lang.RuntimeException: Failed to load driver class net.sf.cj.log4jdbc.sql.jdbcapi.DriverSpy in either of HikariConfig class loader or Thread context classloader

contextLoads  Time elapsed: 0.001 s  <<< ERROR!
java.lang.IllegalStateException: Failed to load ApplicationContext
Caused by: org.springframework.beans.factory.BeanCreationException: Error creating bean with name 'projectingArgumentResolverBeanPostProcessor' defined in class path resource [org/springframework/data/web/config/ProjectingArgumentResolverRegistrar.class]: BeanPostProcessor before instantiation of bean failed; nested exception is org.springframework.beans.factory.UnsatisfiedDependencyException: Error creating bean with name 'transactionAspect': Unsatisfied dependency expressed through field 'transactionManager'; nested exception is org.springframework.beans.factory.BeanCreationException: Error creating bean with name 'transactionManager' defined in class path resource [nemo/configuration/DatabaseConfiguration.class]: Bean instantiation via factory method failed; nested exception is org.springframework.beans.BeanInstantiationException: Failed to instantiate [org.springframework.transaction.PlatformTransactionManager]: Factory method 'transactionManager' threw exception; nested exception is org.springframework.beans.factory.BeanCreationException: Error creating bean with name 'dataSource' defined in class path resource [nemo/configuration/DatabaseConfiguration.class]: Bean instantiation via factory method failed; nested exception is org.springframework.beans.BeanInstantiationException: Failed to instantiate [javax.sql.DataSource]: Factory method 'dataSource' threw exception; nested exception is org.springframework.boot.context.properties.ConfigurationPropertiesBindException: Error creating bean with name 'hikariConfig': Could not bind properties to 'HikariConfig' : prefix=spring.datasource.hikari, ignoreInvalidFields=false, ignoreUnknownFields=true; nested exception is org.springframework.boot.context.properties.bind.BindException: Failed to bind properties under 'spring.datasource.hikari' to com.zaxxer.hikari.HikariConfig
Caused by: org.springframework.beans.factory.UnsatisfiedDependencyException: Error creating bean with name 'transactionAspect': Unsatisfied dependency expressed through field 'transactionManager'; nested exception is org.springframework.beans.factory.BeanCreationException: Error creating bean with name 'transactionManager' defined in class path resource [nemo/configuration/DatabaseConfiguration.class]: Bean instantiation via factory method failed; nested exception is org.springframework.beans.BeanInstantiationException: Failed to instantiate [org.springframework.transaction.PlatformTransactionManager]: Factory method 'transactionManager' threw exception; nested exception is org.springframework.beans.factory.BeanCreationException: Error creating bean with name 'dataSource' defined in class path resource [nemo/configuration/DatabaseConfiguration.class]: Bean instantiation via factory method failed; nested exception is org.springframework.beans.BeanInstantiationException: Failed to instantiate [javax.sql.DataSource]: Factory method 'dataSource' threw exception; nested exception is org.springframework.boot.context.properties.ConfigurationPropertiesBindException: Error creating bean with name 'hikariConfig': Could not bind properties to 'HikariConfig' : prefix=spring.datasource.hikari, ignoreInvalidFields=false, ignoreUnknownFields=true; nested exception is org.springframework.boot.context.properties.bind.BindException: Failed to bind properties under 'spring.datasource.hikari' to com.zaxxer.hikari.HikariConfig
Caused by: org.springframework.beans.factory.BeanCreationException: Error creating bean with name 'transactionManager' defined in class path resource [nemo/configuration/DatabaseConfiguration.class]: Bean instantiation via factory method failed; nested exception is org.springframework.beans.BeanInstantiationException: Failed to instantiate [org.springframework.transaction.PlatformTransactionManager]: Factory method 'transactionManager' threw exception; nested exception is org.springframework.beans.factory.BeanCreationException: Error creating bean with name 'dataSource' defined in class path resource [nemo/configuration/DatabaseConfiguration.class]: Bean instantiation via factory method failed; nested exception is org.springframework.beans.BeanInstantiationException: Failed to instantiate [javax.sql.DataSource]: Factory method 'dataSource' threw exception; nested exception is org.springframework.boot.context.properties.ConfigurationPropertiesBindException: Error creating bean with name 'hikariConfig': Could not bind properties to 'HikariConfig' : prefix=spring.datasource.hikari, ignoreInvalidFields=false, ignoreUnknownFields=true; nested exception is org.springframework.boot.context.properties.bind.BindException: Failed to bind properties under 'spring.datasource.hikari' to com.zaxxer.hikari.HikariConfig
Caused by: org.springframework.beans.BeanInstantiationException: Failed to instantiate [org.springframework.transaction.PlatformTransactionManager]: Factory method 'transactionManager' threw exception; nested exception is org.springframework.beans.factory.BeanCreationException: Error creating bean with name 'dataSource' defined in class path resource [nemo/configuration/DatabaseConfiguration.class]: Bean instantiation via factory method failed; nested exception is org.springframework.beans.BeanInstantiationException: Failed to instantiate [javax.sql.DataSource]: Factory method 'dataSource' threw exception; nested exception is org.springframework.boot.context.properties.ConfigurationPropertiesBindException: Error creating bean with name 'hikariConfig': Could not bind properties to 'HikariConfig' : prefix=spring.datasource.hikari, ignoreInvalidFields=false, ignoreUnknownFields=true; nested exception is org.springframework.boot.context.properties.bind.BindException: Failed to bind properties under 'spring.datasource.hikari' to com.zaxxer.hikari.HikariConfig
Caused by: org.springframework.beans.factory.BeanCreationException: Error creating bean with name 'dataSource' defined in class path resource [nemo/configuration/DatabaseConfiguration.class]: Bean instantiation via factory method failed; nested exception is org.springframework.beans.BeanInstantiationException: Failed to instantiate [javax.sql.DataSource]: Factory method 'dataSource' threw exception; nested exception is org.springframework.boot.context.properties.ConfigurationPropertiesBindException: Error creating bean with name 'hikariConfig': Could not bind properties to 'HikariConfig' : prefix=spring.datasource.hikari, ignoreInvalidFields=false, ignoreUnknownFields=true; nested exception is org.springframework.boot.context.properties.bind.BindException: Failed to bind properties under 'spring.datasource.hikari' to com.zaxxer.hikari.HikariConfig
Caused by: org.springframework.beans.BeanInstantiationException: Failed to instantiate [javax.sql.DataSource]: Factory method 'dataSource' threw exception; nested exception is org.springframework.boot.context.properties.ConfigurationPropertiesBindException: Error creating bean with name 'hikariConfig': Could not bind properties to 'HikariConfig' : prefix=spring.datasource.hikari, ignoreInvalidFields=false, ignoreUnknownFields=true; nested exception is org.springframework.boot.context.properties.bind.BindException: Failed to bind properties under 'spring.datasource.hikari' to com.zaxxer.hikari.HikariConfig
Caused by: org.springframework.boot.context.properties.ConfigurationPropertiesBindException: Error creating bean with name 'hikariConfig': Could not bind properties to 'HikariConfig' : prefix=spring.datasource.hikari, ignoreInvalidFields=false, ignoreUnknownFields=true; nested exception is org.springframework.boot.context.properties.bind.BindException: Failed to bind properties under 'spring.datasource.hikari' to com.zaxxer.hikari.HikariConfig
Caused by: org.springframework.boot.context.properties.bind.BindException: Failed to bind properties under 'spring.datasource.hikari' to com.zaxxer.hikari.HikariConfig
Caused by: java.lang.IllegalStateException: Unable to set value for property driver-class-name
Caused by: java.lang.reflect.InvocationTargetException
Caused by: java.lang.RuntimeException: Failed to load driver class net.sf.cj.log4jdbc.sql.jdbcapi.DriverSpy in either of HikariConfig class loader or Thread context classloader

