<?xml version="1.0" encoding="UTF-8"?>
<testsuite xmlns:xsi="http://www.w3.org/2001/XMLSchema-instance" xsi:noNamespaceSchemaLocation="https://maven.apache.org/surefire/maven-surefire-plugin/xsd/surefire-test-report.xsd" name="nemo.NemoApplicationTests" time="2.7" tests="2" errors="2" skipped="0" failures="0">
  <properties>
[...]
</properties>
  <testcase name="testSqlSession" classname="nemo.NemoApplicationTests" time="0.025">
    <error message="Failed to load ApplicationContext" type="java.lang.IllegalStateException">java.lang.IllegalStateException: Failed to load ApplicationContext
Caused by: org.springframework.beans.factory.BeanCreationException: Error creating bean with name 'projectingArgumentResolverBeanPostProcessor' defined in class path resource [org/springframework/data/web/config/ProjectingArgumentResolverRegistrar.class]: BeanPostProcessor before instantiation of bean failed; nested exception is org.springframework.beans.factory.UnsatisfiedDependencyException: Error creating bean with name 'transactionAspect': Unsatisfied dependency expressed through field 'transactionManager'; nested exception is org.springframework.beans.factory.BeanCreationException: Error creating bean with name 'transactionManager' defined in class path resource [nemo/configuration/DatabaseConfiguration.class]: Bean instantiation via factory method failed; nested exception is org.springframework.beans.BeanInstantiationException: Failed to instantiate [org.springframework.transaction.PlatformTransactionManager]: Factory method 'transactionManager' threw exception; nested exception is org.springframework.beans.factory.BeanCreationException: Error creating bean with name 'dataSource' defined in class path resource [nemo/configuration/DatabaseConfiguration.class]: Bean instantiation via factory method failed; nested exception is org.springframework.beans.BeanInstantiationException: Failed to instantiate [javax.sql.DataSource]: Factory method 'dataSource' threw exception; nested exception is org.springframework.boot.context.properties.ConfigurationPropertiesBindException: Error creating bean with name 'hikariConfig': Could not bind properties to 'HikariConfig' : prefix=spring.datasource.hikari, ignoreInvalidFields=false, ignoreUnknownFields=true; nested exception is org.springframework.boot.context.properties.bind.BindException: Failed to bind properties under 'spring.datasource.hikari' to com.zaxxer.hikari.HikariConfig
Caused by: org.springframework.beans.factory.UnsatisfiedDependencyException: Error creating bean with name 'transactionAspect': Unsatisfied dependency expressed through field 'transactionManager'; nested exception is org.springframework.beans.factory.BeanCreationException: Error creating bean with name 'transactionManager' defined in class path resource [nemo/configuration/DatabaseConfiguration.class]: Bean instantiation via factory method failed; nested exception is org.springframework.beans.BeanInstantiationException: Failed to instantiate [org.springframework.transaction.PlatformTransactionManager]: Factory method 'transactionManager' threw exception; nested exception is org.springframework.beans.factory.BeanCreationException: Error creating bean with name 'dataSource' defined in class path resource [nemo/configuration/DatabaseConfiguration.class]: Bean instantiation via factory method failed; nested exception is org.springframework.beans.BeanInstantiationException: Failed to instantiate [javax.sql.DataSource]: Factory method 'dataSource' threw exception; nested exception is org.springframework.boot.context.properties.ConfigurationPropertiesBindException: Error creating bean with name 'hikariConfig': Could not bind properties to 'HikariConfig' : prefix=spring.datasource.hikari, ignoreInvalidFields=false, ignoreUnknownFields=true; nested exception is org.springframework.boot.context.properties.bind.BindException: Failed to bind properties under 'spring.datasource.hikari' to com.zaxxer.hikari.HikariConfig
Caused by: org.springframework.beans.factory.BeanCreationException: Error creating bean with name 'transactionManager' defined in class path resource [nemo/configuration/DatabaseConfiguration.class]: Bean instantiation via factory method failed; nested exception is org.springframework.beans.BeanInstantiationException: Failed to instantiate [org.springframework.transaction.PlatformTransactionManager]: Factory method 'transactionManager' threw exception; nested exception is org.springframework.beans.factory.BeanCreationException: Error creating bean with name 'dataSource' defined in class path resource [nemo/configuration/DatabaseConfiguration.class]: Bean instantiation via factory method failed; nested exception is org.springframework.beans.BeanInstantiationException: Failed to instantiate [javax.sql.DataSource]: Factory method 'dataSource' threw exception; nested exception is org.springframework.boot.context.properties.ConfigurationPropertiesBindException: Error creating bean with name 'hikariConfig': Could not bind properties to 'HikariConfig' : prefix=spring.datasource.hikari, ignoreInvalidFields=false, ignoreUnknownFields=true; nested exception is org.springframework.boot.context.properties.bind.BindException: Failed to bind properties under 'spring.datasource.hikari' to com.zaxxer.hikari.HikariConfig
Caused by: org.springframework.beans.BeanInstantiationException: Failed to instantiate [org.springframework.transaction.PlatformTransactionManager]: Factory method 'transactionManager' threw exception; nested exception is org.springframework.beans.factory.BeanCreationException: Error creating bean with name 'dataSource' defined in class path resource [nemo/configuration/DatabaseConfiguration.class]: Bean instantiation via factory method failed; nested exception is org.springframework.beans.BeanInstantiationException: Failed to instantiate [javax.sql.DataSource]: Factory method 'dataSource' threw exception; nested exception is org.springframework.boot.context.properties.ConfigurationPropertiesBindException: Error creating bean with name 'hikariConfig': Could not bind properties to 'HikariConfig' : prefix=spring.datasource.hikari, ignoreInvalidFields=false, ignoreUnknownFields=true; nested exception is org.springframework.boot.context.properties.bind.BindException: Failed to bind properties under 'spring.datasource.hikari' to com.zaxxer.hikari.HikariConfig
Caused by: org.springframework.beans.factory.BeanCreationException: Error creating bean with name 'dataSource' defined in class path resource [nemo/configuration/DatabaseConfiguration.class]: Bean instantiation via factory method failed; nested exception is org.springframework.beans.BeanInstantiationException: Failed to instantiate [javax.sql.DataSource]: Factory method 'dataSource' threw exception; nested exception is org.springframework.boot.context.properties.ConfigurationPropertiesBindException: Error creating bean with name 'hikariConfig': Could not bind properties to 'HikariConfig' : prefix=spring.datasource.hikari, ignoreInvalidFields=false, ignoreUnknownFields=true; nested exception is org.springframework.boot.context.properties.bind.BindException: Failed to bind properties under 'spring.datasource.hikari' to com.zaxxer.hikari.HikariConfig
Caused by: org.springframework.beans.BeanInstantiationException: Failed to instantiate [javax.sql.DataSource]: Factory method 'dataSource' threw exception; nested exception is org.springframework.boot.context.properties.ConfigurationPropertiesBindException: Error creating bean with name 'hikariConfig': Could not bind properties to 'HikariConfig' : prefix=spring.datasource.hikari, ignoreInvalidFields=false, ignoreUnknownFields=true; nested exception is org.springframework.boot.context.properties.bind.BindException: Failed to bind properties under 'spring.datasource.hikari' to com.zaxxer.hikari.HikariConfig
Caused by: org.springframework.boot.context.properties.ConfigurationPropertiesBindException: Error creating bean with name 'hikariConfig': Could not bind properties to 'HikariConfig' : prefix=spring.datasource.hikari, ignoreInvalidFields=false, ignoreUnknownFields=true; nested exception is org.springframework.boot.context.properties.bind.BindException: Failed to bind properties under 'spring.datasource.hikari' to com.zaxxer.hikari.HikariConfig
Caused by: org.springframework.boot.context.properties.bind.BindException: Failed to bind properties under 'spring.datasource.hikari' to com.zaxxer.hikari.HikariConfig
Caused by: java.lang.IllegalStateException: Unable to set value for property driver-class-name
Caused by: java.lang.reflect.InvocationTargetException
Caused by: java.lang.RuntimeException: Failed to load driver class net.sf.cj.log4jdbc.sql.jdbcapi.DriverSpy in either of HikariConfig class loader or Thread context classloader
</error>
    <system-out><![CDATA[15:50:15.328 [main] DEBUG org.springframework.test.context.BootstrapUtils - Instantiating CacheAwareContextLoaderDelegate from class [org.springframework.test.context.cache.DefaultCacheAwareContextLoaderDelegate]
15:50:15.336 [main] DEBUG org.springframework.test.context.BootstrapUtils - Instantiating BootstrapContext using constructor [public org.springframework.test.context.support.DefaultBootstrapContext(java.lang.Class,org.springframework.test.context.CacheAwareContextLoaderDelegate)]
15:50:15.364 [main] DEBUG org.springframework.test.context.BootstrapUtils - Instantiating TestContextBootstrapper for test class [nemo.NemoApplicationTests] from class [org.springframework.boot.test.context.SpringBootTestContextBootstrapper]
15:50:15.372 [main] INFO org.springframework.boot.test.context.SpringBootTestContextBootstrapper - Neither @ContextConfiguration nor @ContextHierarchy found for test class [nemo.NemoApplicationTests], using SpringBootContextLoader
15:50:15.375 [main] DEBUG org.springframework.test.context.support.AbstractContextLoader - Did not detect default resource location for test class [nemo.NemoApplicationTests]: class path resource [nemo/NemoApplicationTests-context.xml] does not exist
15:50:15.376 [main] DEBUG org.springframework.test.context.support.AbstractContextLoader - Did not detect default resource location for test class [nemo.NemoApplicationTests]: class path resource [nemo/NemoApplicationTestsContext.groovy] does not exist
15:50:15.376 [main] INFO org.springframework.test.context.support.AbstractContextLoader - Could not detect default resource locations for test class [nemo.NemoApplicationTests]: no resource found for suffixes {-context.xml, Context.groovy}.
15:50:15.376 [main] INFO org.springframework.test.context.support.AnnotationConfigContextLoaderUtils - Could not detect default configuration classes for test class [nemo.NemoApplicationTests]: NemoApplicationTests does not declare any static, non-private, non-final, nested classes annotated with @Configuration.
15:50:15.411 [main] DEBUG org.springframework.test.context.support.ActiveProfilesUtils - Could not find an 'annotation declaring class' for annotation type [org.springframework.test.context.ActiveProfiles] and class [nemo.NemoApplicationTests]
15:50:15.460 [main] DEBUG org.springframework.context.annotation.ClassPathScanningCandidateComponentProvider - Identified candidate component class: file [C:\nemo\NEMO\nemo\target\classes\nemo\NemoApplication.class]
15:50:15.462 [main] INFO org.springframework.boot.test.context.SpringBootTestContextBootstrapper - Found @SpringBootConfiguration nemo.NemoApplication for test class nemo.NemoApplicationTests
15:50:15.553 [main] DEBUG org.springframework.boot.test.context.SpringBootTestContextBootstrapper - @TestExecutionListeners is not present for class [nemo.NemoApplicationTests]: using defaults.
15:50:15.553 [main] INFO org.springframework.boot.test.context.SpringBootTestContextBootstrapper - Loaded default TestExecutionListener class names from location [META-INF/spring.factories]: [org.springframework.boot.test.mock.mockito.MockitoTestExecutionListener, org.springframework.boot.test.mock.mockito.ResetMocksTestExecutionListener, org.springframework.boot.test.autoconfigure.restdocs.RestDocsTestExecutionListener, org.springframework.boot.test.autoconfigure.web.client.MockRestServiceServerResetTestExecutionListener, org.springframework.boot.test.autoconfigure.web.servlet.MockMvcPrintOnlyOnFailureTestExecutionListener, org.springframework.boot.test.autoconfigure.web.servlet.WebDriverTestExecutionListener, org.springframework.boot.test.autoconfigure.webservices.client.MockWebServiceServerTestExecutionListener, org.springframework.test.context.web.ServletTestExecutionListener, org.springframework.test.context.support.DirtiesContextBeforeModesTestExecutionListener, org.springframework.test.context.event.ApplicationEventsTestExecutionListener, org.springframework.test.context.support.DependencyInjectionTestExecutionListener, org.springframework.test.context.support.DirtiesContextTestExecutionListener, org.springframework.test.context.transaction.TransactionalTestExecutionListener, org.springframework.test.context.jdbc.SqlScriptsTestExecutionListener, org.springframework.test.context.event.EventPublishingTestExecutionListener]
15:50:15.568 [main] INFO org.springframework.boot.test.context.SpringBootTestContextBootstrapper - Using TestExecutionListeners: [org.springframework.test.context.web.ServletTestExecutionListener@665df3c6, org.springframework.test.context.support.DirtiesContextBeforeModesTestExecutionListener@68b6f0d6, org.springframework.test.context.event.ApplicationEventsTestExecutionListener@4044fb95, org.springframework.boot.test.mock.mockito.MockitoTestExecutionListener@aa549e5, org.springframework.boot.test.autoconfigure.SpringBootDependencyInjectionTestExecutionListener@36f48b4, org.springframework.test.context.support.DirtiesContextTestExecutionListener@5c00384f, org.springframework.test.context.transaction.TransactionalTestExecutionListener@3b7ff809, org.springframework.test.context.jdbc.SqlScriptsTestExecutionListener@1bb564e2, org.springframework.test.context.event.EventPublishingTestExecutionListener@62e6b5c8, org.springframework.boot.test.mock.mockito.ResetMocksTestExecutionListener@3f792b9b, org.springframework.boot.test.autoconfigure.restdocs.RestDocsTestExecutionListener@7b8233cd, org.springframework.boot.test.autoconfigure.web.client.MockRestServiceServerResetTestExecutionListener@4b20ca2b, org.springframework.boot.test.autoconfigure.web.servlet.MockMvcPrintOnlyOnFailureTestExecutionListener@1cbf6e72, org.springframework.boot.test.autoconfigure.web.servlet.WebDriverTestExecutionListener@6aecbb8d, org.springframework.boot.test.autoconfigure.webservices.client.MockWebServiceServerTestExecutionListener@1af146]
15:50:15.571 [main] DEBUG org.springframework.test.context.support.AbstractDirtiesContextTestExecutionListener - Before test class: context [DefaultTestContext@57fd91c9 testClass = NemoApplicationTests, testInstance = [null], testMethod = [null], testException = [null], mergedContextConfiguration = [WebMergedContextConfiguration@6cfcd46d testClass = NemoApplicationTests, locations = '{}', classes = '{class nemo.NemoApplication}', contextInitializerClasses = '[]', activeProfiles = '{}', propertySourceLocations = '{}', propertySourceProperties = '{org.springframework.boot.test.context.SpringBootTestContextBootstrapper=true}', contextCustomizers = set[org.springframework.boot.test.context.filter.ExcludeFilterContextCustomizer@1bab8268, org.springframework.boot.test.json.DuplicateJsonObjectContextCustomizerFactory$DuplicateJsonObjectContextCustomizer@658c5a19, org.springframework.boot.test.mock.mockito.MockitoContextCustomizer@0, org.springframework.boot.test.web.client.TestRestTemplateContextCustomizer@3e2059ae, org.springframework.boot.test.autoconfigure.actuate.metrics.MetricsExportContextCustomizerFactory$DisableMetricExportContextCustomizer@11bb571c, org.springframework.boot.test.autoconfigure.properties.PropertyMappingContextCustomizer@0, org.springframework.boot.test.autoconfigure.web.servlet.WebDriverContextCustomizerFactory$Customizer@5170bcf4, org.springframework.boot.test.context.SpringBootTestArgs@1, org.springframework.boot.test.context.SpringBootTestWebEnvironment@294425a7], resourceBasePath = 'src/main/webapp', contextLoader = 'org.springframework.boot.test.context.SpringBootContextLoader', parent = [null]], attributes = map['org.springframework.test.context.web.ServletTestExecutionListener.activateListener' -> true]], class annotated with @DirtiesContext [false] with mode [null].
15:50:15,807 |-INFO in ch.qos.logback.core.joran.action.AppenderAction - About to instantiate appender of type [ch.qos.logback.core.ConsoleAppender]
15:50:15,808 |-INFO in ch.qos.logback.core.joran.action.AppenderAction - Naming appender as [console]
15:50:15,811 |-INFO in ch.qos.logback.core.joran.action.NestedComplexPropertyIA - Assuming default type [ch.qos.logback.classic.encoder.PatternLayoutEncoder] for [encoder] property
15:50:15,827 |-INFO in ch.qos.logback.core.joran.action.AppenderAction - About to instantiate appender of type [ch.qos.logback.core.ConsoleAppender]
15:50:15,827 |-INFO in ch.qos.logback.core.joran.action.AppenderAction - Naming appender as [console-infolog]
15:50:15,827 |-INFO in ch.qos.logback.core.joran.action.NestedComplexPropertyIA - Assuming default type [ch.qos.logback.classic.encoder.PatternLayoutEncoder] for [encoder] property
15:50:15,827 |-INFO in ch.qos.logback.classic.joran.action.LoggerAction - Setting level of logger [nemo] to DEBUG
15:50:15,827 |-INFO in ch.qos.logback.classic.jul.LevelChangePropagator@d4602a - Propagating DEBUG level on Logger[nemo] onto the JUL framework
15:50:15,828 |-INFO in ch.qos.logback.classic.joran.action.LoggerAction - Setting level of logger [jdbc.sqlonly] to WARN
15:50:15,828 |-INFO in ch.qos.logback.classic.jul.LevelChangePropagator@d4602a - Propagating WARN level on Logger[jdbc.sqlonly] onto the JUL framework
15:50:15,828 |-INFO in ch.qos.logback.classic.joran.action.LoggerAction - Setting level of logger [jdbc.resultsettable] to DEBUG
15:50:15,828 |-INFO in ch.qos.logback.classic.jul.LevelChangePropagator@d4602a - Propagating DEBUG level on Logger[jdbc.resultsettable] onto the JUL framework
15:50:15,828 |-INFO in ch.qos.logback.classic.joran.action.RootLoggerAction - Setting level of ROOT logger to DEBUG
15:50:15,828 |-INFO in ch.qos.logback.core.joran.action.AppenderRefAction - Attaching appender named [console] to Logger[ROOT]
15:50:15,828 |-INFO in ch.qos.logback.classic.joran.action.ConfigurationAction - End of configuration.
15:50:15,829 |-INFO in org.springframework.boot.logging.logback.SpringBootJoranConfigurator@1adb7478 - Registering current configuration as safe fallback point

  .   ____          _            __ _ _
 /\\ / ___'_ __ _ _(_)_ __  __ _ \ \ \ \
( ( )\___ | '_ | '_| | '_ \/ _` | \ \ \ \
 \\/  ___)| |_)| | | | | || (_| |  ) ) ) )
  '  |____| .__|_| |_|_| |_\__, | / / / /
 =========|_|==============|___/=/_/_/_/
 :: Spring Boot ::                (v2.7.3)

2022-10-27 15:50:15,877  INFO [nemo.NemoApplicationTests] Starting NemoApplicationTests using Java 17.0.4.1 on DESKTOP-F4BC13L with PID 12744 (started by hi in C:\nemo\NEMO\nemo)
2022-10-27 15:50:15,877 DEBUG [nemo.NemoApplicationTests] Running with Spring Boot v2.7.3, Spring v5.3.22
2022-10-27 15:50:15,878  INFO [nemo.NemoApplicationTests] No active profile set, falling back to 1 default profile: "default"
2022-10-27 15:50:15,879 DEBUG [org.springframework.boot.SpringApplication] Loading source class nemo.NemoApplication
2022-10-27 15:50:15,908 DEBUG [org.springframework.web.context.support.GenericWebApplicationContext] Refreshing org.springframework.web.context.support.GenericWebApplicationContext@452c8a40
2022-10-27 15:50:15,926 DEBUG [org.springframework.beans.factory.support.DefaultListableBeanFactory] Creating shared instance of singleton bean 'org.springframework.context.annotation.internalConfigurationAnnotationProcessor'
2022-10-27 15:50:15,944 DEBUG [org.springframework.beans.factory.support.DefaultListableBeanFactory] Creating shared instance of singleton bean 'org.springframework.boot.autoconfigure.internalCachingMetadataReaderFactory'
2022-10-27 15:50:15,983 DEBUG [org.springframework.context.annotation.ClassPathBeanDefinitionScanner] Identified candidate component class: file [C:\nemo\NEMO\nemo\target\classes\nemo\aop\LoggerAspect.class]
2022-10-27 15:50:15,985 DEBUG [org.springframework.context.annotation.ClassPathBeanDefinitionScanner] Identified candidate component class: file [C:\nemo\NEMO\nemo\target\classes\nemo\aop\TransactionAspect.class]
2022-10-27 15:50:15,987 DEBUG [org.springframework.context.annotation.ClassPathBeanDefinitionScanner] Identified candidate component class: file [C:\nemo\NEMO\nemo\target\classes\nemo\common\ExceptionHandler.class]
2022-10-27 15:50:15,990 DEBUG [org.springframework.context.annotation.ClassPathBeanDefinitionScanner] Identified candidate component class: file [C:\nemo\NEMO\nemo\target\classes\nemo\configuration\DatabaseConfiguration.class]
2022-10-27 15:50:15,990 DEBUG [org.springframework.context.annotation.ClassPathBeanDefinitionScanner] Identified candidate component class: file [C:\nemo\NEMO\nemo\target\classes\nemo\configuration\SwaggerConfiguration.class]
2022-10-27 15:50:15,991 DEBUG [org.springframework.context.annotation.ClassPathBeanDefinitionScanner] Identified candidate component class: file [C:\nemo\NEMO\nemo\target\classes\nemo\configuration\WebMvcConfiguration.class]
2022-10-27 15:50:15,998 DEBUG [org.springframework.context.annotation.ClassPathBeanDefinitionScanner] Identified candidate component class: file [C:\nemo\NEMO\nemo\target\classes\nemo\controller\RestMemberApiController.class]
2022-10-27 15:50:16,006 DEBUG [org.springframework.context.annotation.ClassPathBeanDefinitionScanner] Identified candidate component class: file [C:\nemo\NEMO\nemo\target\classes\nemo\security\WebSecurity.class]
2022-10-27 15:50:16,007 DEBUG [org.springframework.context.annotation.ClassPathBeanDefinitionScanner] Identified candidate component class: file [C:\nemo\NEMO\nemo\target\classes\nemo\service\JpaMemberServiceImpl.class]
2022-10-27 15:50:16,008 DEBUG [org.springframework.context.annotation.ClassPathBeanDefinitionScanner] Identified candidate component class: file [C:\nemo\NEMO\nemo\target\classes\nemo\service\MemberServiceImpl.class]
2022-10-27 15:50:16,312 DEBUG [org.springframework.context.annotation.ClassPathBeanDefinitionScanner] Identified candidate component class: URL [jar:file:/C:/Users/hi/.m2/repository/io/springfox/springfox-oas/3.0.0/springfox-oas-3.0.0.jar!/springfox/documentation/oas/web/OpenApiControllerWebMvc.class]
2022-10-27 15:50:16,316 DEBUG [org.springframework.context.annotation.ClassPathBeanDefinitionScanner] Identified candidate component class: URL [jar:file:/C:/Users/hi/.m2/repository/io/springfox/springfox-oas/3.0.0/springfox-oas-3.0.0.jar!/springfox/documentation/oas/mappers/OasVendorExtensionsMapperImpl.class]
2022-10-27 15:50:16,317 DEBUG [org.springframework.context.annotation.ClassPathBeanDefinitionScanner] Identified candidate component class: URL [jar:file:/C:/Users/hi/.m2/repository/io/springfox/springfox-oas/3.0.0/springfox-oas-3.0.0.jar!/springfox/documentation/oas/mappers/StyleEnumMapperImpl.class]
2022-10-27 15:50:16,318 DEBUG [org.springframework.context.annotation.ClassPathBeanDefinitionScanner] Identified candidate component class: URL [jar:file:/C:/Users/hi/.m2/repository/io/springfox/springfox-oas/3.0.0/springfox-oas-3.0.0.jar!/springfox/documentation/oas/mappers/SecuritySchemeMapperImpl.class]
2022-10-27 15:50:16,319 DEBUG [org.springframework.context.annotation.ClassPathBeanDefinitionScanner] Identified candidate component class: URL [jar:file:/C:/Users/hi/.m2/repository/io/springfox/springfox-oas/3.0.0/springfox-oas-3.0.0.jar!/springfox/documentation/oas/mappers/OasSecurityMapperImpl.class]
2022-10-27 15:50:16,319 DEBUG [org.springframework.context.annotation.ClassPathBeanDefinitionScanner] Identified candidate component class: URL [jar:file:/C:/Users/hi/.m2/repository/io/springfox/springfox-oas/3.0.0/springfox-oas-3.0.0.jar!/springfox/documentation/oas/mappers/SchemaMapperImpl.class]
2022-10-27 15:50:16,319 DEBUG [org.springframework.context.annotation.ClassPathBeanDefinitionScanner] Identified candidate component class: URL [jar:file:/C:/Users/hi/.m2/repository/io/springfox/springfox-oas/3.0.0/springfox-oas-3.0.0.jar!/springfox/documentation/oas/mappers/ExamplesMapperImpl.class]
2022-10-27 15:50:16,320 DEBUG [org.springframework.context.annotation.ClassPathBeanDefinitionScanner] Identified candidate component class: URL [jar:file:/C:/Users/hi/.m2/repository/io/springfox/springfox-oas/3.0.0/springfox-oas-3.0.0.jar!/springfox/documentation/oas/mappers/ServiceModelToOpenApiMapperImpl.class]
2022-10-27 15:50:16,321 DEBUG [org.springframework.context.annotation.ClassPathBeanDefinitionScanner] Identified candidate component class: URL [jar:file:/C:/Users/hi/.m2/repository/io/springfox/springfox-oas/3.0.0/springfox-oas-3.0.0.jar!/springfox/documentation/oas/mappers/OasLicenceMapper.class]
2022-10-27 15:50:16,334 DEBUG [org.springframework.context.annotation.ClassPathBeanDefinitionScanner] Identified candidate component class: URL [jar:file:/C:/Users/hi/.m2/repository/io/springfox/springfox-spring-web/3.0.0/springfox-spring-web-3.0.0.jar!/springfox/documentation/spring/web/scanners/ApiListingReferenceScanner.class]
2022-10-27 15:50:16,335 DEBUG [org.springframework.context.annotation.ClassPathBeanDefinitionScanner] Identified candidate component class: URL [jar:file:/C:/Users/hi/.m2/repository/io/springfox/springfox-spring-web/3.0.0/springfox-spring-web-3.0.0.jar!/springfox/documentation/spring/web/scanners/ApiDocumentationScanner.class]
2022-10-27 15:50:16,335 DEBUG [org.springframework.context.annotation.ClassPathBeanDefinitionScanner] Identified candidate component class: URL [jar:file:/C:/Users/hi/.m2/repository/io/springfox/springfox-spring-web/3.0.0/springfox-spring-web-3.0.0.jar!/springfox/documentation/spring/web/scanners/ApiDescriptionReader.class]
2022-10-27 15:50:16,336 DEBUG [org.springframework.context.annotation.ClassPathBeanDefinitionScanner] Identified candidate component class: URL [jar:file:/C:/Users/hi/.m2/repository/io/springfox/springfox-spring-web/3.0.0/springfox-spring-web-3.0.0.jar!/springfox/documentation/spring/web/scanners/ApiListingReader.class]
2022-10-27 15:50:16,336 DEBUG [org.springframework.context.annotation.ClassPathBeanDefinitionScanner] Identified candidate component class: URL [jar:file:/C:/Users/hi/.m2/repository/io/springfox/springfox-spring-web/3.0.0/springfox-spring-web-3.0.0.jar!/springfox/documentation/spring/web/scanners/ApiModelSpecificationReader.class]
2022-10-27 15:50:16,337 DEBUG [org.springframework.context.annotation.ClassPathBeanDefinitionScanner] Identified candidate component class: URL [jar:file:/C:/Users/hi/.m2/repository/io/springfox/springfox-spring-web/3.0.0/springfox-spring-web-3.0.0.jar!/springfox/documentation/spring/web/scanners/CachingOperationReader.class]
2022-10-27 15:50:16,337 DEBUG [org.springframework.context.annotation.ClassPathBeanDefinitionScanner] Identified candidate component class: URL [jar:file:/C:/Users/hi/.m2/repository/io/springfox/springfox-spring-web/3.0.0/springfox-spring-web-3.0.0.jar!/springfox/documentation/spring/web/scanners/MediaTypeReader.class]
2022-10-27 15:50:16,337 DEBUG [org.springframework.context.annotation.ClassPathBeanDefinitionScanner] Identified candidate component class: URL [jar:file:/C:/Users/hi/.m2/repository/io/springfox/springfox-spring-web/3.0.0/springfox-spring-web-3.0.0.jar!/springfox/documentation/spring/web/scanners/ApiListingScanner.class]
2022-10-27 15:50:16,338 DEBUG [org.springframework.context.annotation.ClassPathBeanDefinitionScanner] Identified candidate component class: URL [jar:file:/C:/Users/hi/.m2/repository/io/springfox/springfox-spring-web/3.0.0/springfox-spring-web-3.0.0.jar!/springfox/documentation/spring/web/scanners/ApiModelReader.class]
2022-10-27 15:50:16,339 DEBUG [org.springframework.context.annotation.ClassPathBeanDefinitionScanner] Identified candidate component class: URL [jar:file:/C:/Users/hi/.m2/repository/io/springfox/springfox-spring-web/3.0.0/springfox-spring-web-3.0.0.jar!/springfox/documentation/spring/web/scanners/ApiDescriptionLookup.class]
2022-10-27 15:50:16,340 DEBUG [org.springframework.context.annotation.ClassPathBeanDefinitionScanner] Identified candidate component class: URL [jar:file:/C:/Users/hi/.m2/repository/io/springfox/springfox-spring-web/3.0.0/springfox-spring-web-3.0.0.jar!/springfox/documentation/spring/web/readers/operation/OperationModelsProvider.class]
2022-10-27 15:50:16,341 DEBUG [org.springframework.context.annotation.ClassPathBeanDefinitionScanner] Identified candidate component class: URL [jar:file:/C:/Users/hi/.m2/repository/io/springfox/springfox-spring-web/3.0.0/springfox-spring-web-3.0.0.jar!/springfox/documentation/spring/web/readers/operation/OperationDeprecatedReader.class]
2022-10-27 15:50:16,341 DEBUG [org.springframework.context.annotation.ClassPathBeanDefinitionScanner] Identified candidate component class: URL [jar:file:/C:/Users/hi/.m2/repository/io/springfox/springfox-spring-web/3.0.0/springfox-spring-web-3.0.0.jar!/springfox/documentation/spring/web/readers/operation/ResponseMessagesReader.class]
2022-10-27 15:50:16,342 DEBUG [org.springframework.context.annotation.ClassPathBeanDefinitionScanner] Identified candidate component class: URL [jar:file:/C:/Users/hi/.m2/repository/io/springfox/springfox-spring-web/3.0.0/springfox-spring-web-3.0.0.jar!/springfox/documentation/spring/web/readers/operation/OperationParameterReader.class]
2022-10-27 15:50:16,343 DEBUG [org.springframework.context.annotation.ClassPathBeanDefinitionScanner] Identified candidate component class: URL [jar:file:/C:/Users/hi/.m2/repository/io/springfox/springfox-spring-web/3.0.0/springfox-spring-web-3.0.0.jar!/springfox/documentation/spring/web/readers/operation/OperationTagsReader.class]
2022-10-27 15:50:16,343 DEBUG [org.springframework.context.annotation.ClassPathBeanDefinitionScanner] Identified candidate component class: URL [jar:file:/C:/Users/hi/.m2/repository/io/springfox/springfox-spring-web/3.0.0/springfox-spring-web-3.0.0.jar!/springfox/documentation/spring/web/readers/operation/ApiOperationReader.class]
2022-10-27 15:50:16,343 DEBUG [org.springframework.context.annotation.ClassPathBeanDefinitionScanner] Identified candidate component class: URL [jar:file:/C:/Users/hi/.m2/repository/io/springfox/springfox-spring-web/3.0.0/springfox-spring-web-3.0.0.jar!/springfox/documentation/spring/web/readers/operation/DefaultOperationReader.class]
2022-10-27 15:50:16,344 DEBUG [org.springframework.context.annotation.ClassPathBeanDefinitionScanner] Identified candidate component class: URL [jar:file:/C:/Users/hi/.m2/repository/io/springfox/springfox-spring-web/3.0.0/springfox-spring-web-3.0.0.jar!/springfox/documentation/spring/web/readers/operation/OperationParameterRequestConditionReader.class]
2022-10-27 15:50:16,344 DEBUG [org.springframework.context.annotation.ClassPathBeanDefinitionScanner] Identified candidate component class: URL [jar:file:/C:/Users/hi/.m2/repository/io/springfox/springfox-spring-web/3.0.0/springfox-spring-web-3.0.0.jar!/springfox/documentation/spring/web/readers/operation/OperationParameterHeadersConditionReader.class]
2022-10-27 15:50:16,344 DEBUG [org.springframework.context.annotation.ClassPathBeanDefinitionScanner] Identified candidate component class: URL [jar:file:/C:/Users/hi/.m2/repository/io/springfox/springfox-spring-web/3.0.0/springfox-spring-web-3.0.0.jar!/springfox/documentation/spring/web/readers/operation/ContentParameterAggregator.class]
2022-10-27 15:50:16,345 DEBUG [org.springframework.context.annotation.ClassPathBeanDefinitionScanner] Identified candidate component class: URL [jar:file:/C:/Users/hi/.m2/repository/io/springfox/springfox-spring-web/3.0.0/springfox-spring-web-3.0.0.jar!/springfox/documentation/spring/web/readers/operation/OperationResponseClassReader.class]
2022-10-27 15:50:16,345 DEBUG [org.springframework.context.annotation.ClassPathBeanDefinitionScanner] Identified candidate component class: URL [jar:file:/C:/Users/hi/.m2/repository/io/springfox/springfox-spring-web/3.0.0/springfox-spring-web-3.0.0.jar!/springfox/documentation/spring/web/readers/operation/CachingOperationNameGenerator.class]
2022-10-27 15:50:16,347 DEBUG [org.springframework.context.annotation.ClassPathBeanDefinitionScanner] Identified candidate component class: URL [jar:file:/C:/Users/hi/.m2/repository/io/springfox/springfox-spring-web/3.0.0/springfox-spring-web-3.0.0.jar!/springfox/documentation/spring/web/readers/parameter/ParameterMultiplesReader.class]
2022-10-27 15:50:16,347 DEBUG [org.springframework.context.annotation.ClassPathBeanDefinitionScanner] Identified candidate component class: URL [jar:file:/C:/Users/hi/.m2/repository/io/springfox/springfox-spring-web/3.0.0/springfox-spring-web-3.0.0.jar!/springfox/documentation/spring/web/readers/parameter/ModelAttributeParameterExpander.class]
2022-10-27 15:50:16,348 DEBUG [org.springframework.context.annotation.ClassPathBeanDefinitionScanner] Identified candidate component class: URL [jar:file:/C:/Users/hi/.m2/repository/io/springfox/springfox-spring-web/3.0.0/springfox-spring-web-3.0.0.jar!/springfox/documentation/spring/web/readers/parameter/ParameterTypeReader.class]
2022-10-27 15:50:16,348 DEBUG [org.springframework.context.annotation.ClassPathBeanDefinitionScanner] Identified candidate component class: URL [jar:file:/C:/Users/hi/.m2/repository/io/springfox/springfox-spring-web/3.0.0/springfox-spring-web-3.0.0.jar!/springfox/documentation/spring/web/readers/parameter/ParameterRequiredReader.class]
2022-10-27 15:50:16,349 DEBUG [org.springframework.context.annotation.ClassPathBeanDefinitionScanner] Identified candidate component class: URL [jar:file:/C:/Users/hi/.m2/repository/io/springfox/springfox-spring-web/3.0.0/springfox-spring-web-3.0.0.jar!/springfox/documentation/spring/web/readers/parameter/ParameterDataTypeReader.class]
2022-10-27 15:50:16,349 DEBUG [org.springframework.context.annotation.ClassPathBeanDefinitionScanner] Identified candidate component class: URL [jar:file:/C:/Users/hi/.m2/repository/io/springfox/springfox-spring-web/3.0.0/springfox-spring-web-3.0.0.jar!/springfox/documentation/spring/web/readers/parameter/ParameterDefaultReader.class]
2022-10-27 15:50:16,349 DEBUG [org.springframework.context.annotation.ClassPathBeanDefinitionScanner] Identified candidate component class: URL [jar:file:/C:/Users/hi/.m2/repository/io/springfox/springfox-spring-web/3.0.0/springfox-spring-web-3.0.0.jar!/springfox/documentation/spring/web/readers/parameter/ParameterNameReader.class]
2022-10-27 15:50:16,350 DEBUG [org.springframework.context.annotation.ClassPathBeanDefinitionScanner] Identified candidate component class: URL [jar:file:/C:/Users/hi/.m2/repository/io/springfox/springfox-spring-web/3.0.0/springfox-spring-web-3.0.0.jar!/springfox/documentation/spring/web/readers/parameter/ExpandedParameterBuilder.class]
2022-10-27 15:50:16,351 DEBUG [org.springframework.context.annotation.ClassPathBeanDefinitionScanner] Identified candidate component class: URL [jar:file:/C:/Users/hi/.m2/repository/io/springfox/springfox-spring-web/3.0.0/springfox-spring-web-3.0.0.jar!/springfox/documentation/spring/web/plugins/DefaultResponseTypeReader.class]
2022-10-27 15:50:16,355 DEBUG [org.springframework.context.annotation.ClassPathBeanDefinitionScanner] Identified candidate component class: URL [jar:file:/C:/Users/hi/.m2/repository/io/springfox/springfox-spring-web/3.0.0/springfox-spring-web-3.0.0.jar!/springfox/documentation/spring/web/plugins/DocumentationPluginsBootstrapper.class]
2022-10-27 15:50:16,356 DEBUG [org.springframework.context.annotation.ClassPathBeanDefinitionScanner] Identified candidate component class: URL [jar:file:/C:/Users/hi/.m2/repository/io/springfox/springfox-spring-web/3.0.0/springfox-spring-web-3.0.0.jar!/springfox/documentation/spring/web/plugins/DocumentationPluginsManager.class]
2022-10-27 15:50:16,356 DEBUG [org.springframework.context.annotation.ClassPathBeanDefinitionScanner] Identified candidate component class: URL [jar:file:/C:/Users/hi/.m2/repository/io/springfox/springfox-spring-webmvc/3.0.0/springfox-spring-webmvc-3.0.0.jar!/springfox/documentation/spring/web/plugins/WebMvcRequestHandlerProvider.class]
2022-10-27 15:50:16,358 DEBUG [org.springframework.context.annotation.ClassPathBeanDefinitionScanner] Identified candidate component class: URL [jar:file:/C:/Users/hi/.m2/repository/io/springfox/springfox-spring-web/3.0.0/springfox-spring-web-3.0.0.jar!/springfox/documentation/spring/web/paths/QueryStringUriTemplateDecorator.class]
2022-10-27 15:50:16,359 DEBUG [org.springframework.context.annotation.ClassPathBeanDefinitionScanner] Identified candidate component class: URL [jar:file:/C:/Users/hi/.m2/repository/io/springfox/springfox-spring-web/3.0.0/springfox-spring-web-3.0.0.jar!/springfox/documentation/spring/web/paths/PathMappingDecorator.class]
2022-10-27 15:50:16,359 DEBUG [org.springframework.context.annotation.ClassPathBeanDefinitionScanner] Identified candidate component class: URL [jar:file:/C:/Users/hi/.m2/repository/io/springfox/springfox-spring-web/3.0.0/springfox-spring-web-3.0.0.jar!/springfox/documentation/spring/web/paths/PathSanitizer.class]
2022-10-27 15:50:16,359 DEBUG [org.springframework.context.annotation.ClassPathBeanDefinitionScanner] Identified candidate component class: URL [jar:file:/C:/Users/hi/.m2/repository/io/springfox/springfox-spring-web/3.0.0/springfox-spring-web-3.0.0.jar!/springfox/documentation/spring/web/paths/OperationPathDecorator.class]
2022-10-27 15:50:16,382 DEBUG [org.springframework.context.annotation.ClassPathBeanDefinitionScanner] Identified candidate component class: URL [jar:file:/C:/Users/hi/.m2/repository/io/springfox/springfox-schema/3.0.0/springfox-schema-3.0.0.jar!/springfox/documentation/schema/JacksonJsonViewProvider.class]
2022-10-27 15:50:16,382 DEBUG [org.springframework.context.annotation.ClassPathBeanDefinitionScanner] Identified candidate component class: URL [jar:file:/C:/Users/hi/.m2/repository/io/springfox/springfox-schema/3.0.0/springfox-schema-3.0.0.jar!/springfox/documentation/schema/CachingModelDependencyProvider.class]
2022-10-27 15:50:16,383 DEBUG [org.springframework.context.annotation.ClassPathBeanDefinitionScanner] Identified candidate component class: URL [jar:file:/C:/Users/hi/.m2/repository/io/springfox/springfox-schema/3.0.0/springfox-schema-3.0.0.jar!/springfox/documentation/schema/TypeNameExtractor.class]
2022-10-27 15:50:16,383 DEBUG [org.springframework.context.annotation.ClassPathBeanDefinitionScanner] Identified candidate component class: URL [jar:file:/C:/Users/hi/.m2/repository/io/springfox/springfox-schema/3.0.0/springfox-schema-3.0.0.jar!/springfox/documentation/schema/plugins/PropertyDiscriminatorBasedInheritancePlugin.class]
2022-10-27 15:50:16,384 DEBUG [org.springframework.context.annotation.ClassPathBeanDefinitionScanner] Identified candidate component class: URL [jar:file:/C:/Users/hi/.m2/repository/io/springfox/springfox-schema/3.0.0/springfox-schema-3.0.0.jar!/springfox/documentation/schema/plugins/XmlModelPlugin.class]
2022-10-27 15:50:16,385 DEBUG [org.springframework.context.annotation.ClassPathBeanDefinitionScanner] Identified candidate component class: URL [jar:file:/C:/Users/hi/.m2/repository/io/springfox/springfox-schema/3.0.0/springfox-schema-3.0.0.jar!/springfox/documentation/schema/plugins/SchemaPluginsManager.class]
2022-10-27 15:50:16,385 DEBUG [org.springframework.context.annotation.ClassPathBeanDefinitionScanner] Identified candidate component class: URL [jar:file:/C:/Users/hi/.m2/repository/io/springfox/springfox-schema/3.0.0/springfox-schema-3.0.0.jar!/springfox/documentation/schema/plugins/JsonIgnorePropertiesModelPlugin.class]
2022-10-27 15:50:16,387 DEBUG [org.springframework.context.annotation.ClassPathBeanDefinitionScanner] Identified candidate component class: URL [jar:file:/C:/Users/hi/.m2/repository/io/springfox/springfox-schema/3.0.0/springfox-schema-3.0.0.jar!/springfox/documentation/schema/property/CachingModelPropertiesProvider.class]
2022-10-27 15:50:16,387 DEBUG [org.springframework.context.annotation.ClassPathBeanDefinitionScanner] Identified candidate component class: URL [jar:file:/C:/Users/hi/.m2/repository/io/springfox/springfox-schema/3.0.0/springfox-schema-3.0.0.jar!/springfox/documentation/schema/property/ObjectMapperBeanPropertyNamingStrategy.class]
2022-10-27 15:50:16,388 DEBUG [org.springframework.context.annotation.ClassPathBeanDefinitionScanner] Identified candidate component class: URL [jar:file:/C:/Users/hi/.m2/repository/io/springfox/springfox-schema/3.0.0/springfox-schema-3.0.0.jar!/springfox/documentation/schema/property/bean/AccessorsProvider.class]
2022-10-27 15:50:16,388 DEBUG [org.springframework.context.annotation.ClassPathBeanDefinitionScanner] Identified candidate component class: URL [jar:file:/C:/Users/hi/.m2/repository/io/springfox/springfox-schema/3.0.0/springfox-schema-3.0.0.jar!/springfox/documentation/schema/property/field/FieldProvider.class]
2022-10-27 15:50:16,389 DEBUG [org.springframework.context.annotation.ClassPathBeanDefinitionScanner] Identified candidate component class: URL [jar:file:/C:/Users/hi/.m2/repository/io/springfox/springfox-schema/3.0.0/springfox-schema-3.0.0.jar!/springfox/documentation/schema/property/XmlPropertyPlugin.class]
2022-10-27 15:50:16,390 DEBUG [org.springframework.context.annotation.ClassPathBeanDefinitionScanner] Identified candidate component class: URL [jar:file:/C:/Users/hi/.m2/repository/io/springfox/springfox-schema/3.0.0/springfox-schema-3.0.0.jar!/springfox/documentation/schema/property/OptimizedModelPropertiesProvider.class]
2022-10-27 15:50:16,390 DEBUG [org.springframework.context.annotation.ClassPathBeanDefinitionScanner] Identified candidate component class: URL [jar:file:/C:/Users/hi/.m2/repository/io/springfox/springfox-schema/3.0.0/springfox-schema-3.0.0.jar!/springfox/documentation/schema/property/FactoryMethodProvider.class]
2022-10-27 15:50:16,391 DEBUG [org.springframework.context.annotation.ClassPathBeanDefinitionScanner] Identified candidate component class: URL [jar:file:/C:/Users/hi/.m2/repository/io/springfox/springfox-schema/3.0.0/springfox-schema-3.0.0.jar!/springfox/documentation/schema/property/ModelSpecificationFactory.class]
2022-10-27 15:50:16,392 DEBUG [org.springframework.context.annotation.ClassPathBeanDefinitionScanner] Identified candidate component class: URL [jar:file:/C:/Users/hi/.m2/repository/io/springfox/springfox-schema/3.0.0/springfox-schema-3.0.0.jar!/springfox/documentation/schema/CachingModelProvider.class]
2022-10-27 15:50:16,393 DEBUG [org.springframework.context.annotation.ClassPathBeanDefinitionScanner] Identified candidate component class: URL [jar:file:/C:/Users/hi/.m2/repository/io/springfox/springfox-schema/3.0.0/springfox-schema-3.0.0.jar!/springfox/documentation/schema/DefaultModelDependencyProvider.class]
2022-10-27 15:50:16,393 DEBUG [org.springframework.context.annotation.ClassPathBeanDefinitionScanner] Identified candidate component class: URL [jar:file:/C:/Users/hi/.m2/repository/io/springfox/springfox-schema/3.0.0/springfox-schema-3.0.0.jar!/springfox/documentation/schema/JacksonEnumTypeDeterminer.class]
2022-10-27 15:50:16,394 DEBUG [org.springframework.context.annotation.ClassPathBeanDefinitionScanner] Identified candidate component class: URL [jar:file:/C:/Users/hi/.m2/repository/io/springfox/springfox-schema/3.0.0/springfox-schema-3.0.0.jar!/springfox/documentation/schema/DefaultModelProvider.class]
2022-10-27 15:50:16,394 DEBUG [org.springframework.context.annotation.ClassPathBeanDefinitionScanner] Identified candidate component class: URL [jar:file:/C:/Users/hi/.m2/repository/io/springfox/springfox-schema/3.0.0/springfox-schema-3.0.0.jar!/springfox/documentation/schema/DefaultModelSpecificationProvider.class]
2022-10-27 15:50:16,415 DEBUG [org.springframework.context.annotation.ClassPathBeanDefinitionScanner] Identified candidate component class: URL [jar:file:/C:/Users/hi/.m2/repository/io/springfox/springfox-swagger-common/3.0.0/springfox-swagger-common-3.0.0.jar!/springfox/documentation/swagger/schema/OpenApiSchemaPropertyBuilder.class]
2022-10-27 15:50:16,415 DEBUG [org.springframework.context.annotation.ClassPathBeanDefinitionScanner] Identified candidate component class: URL [jar:file:/C:/Users/hi/.m2/repository/io/springfox/springfox-swagger-common/3.0.0/springfox-swagger-common-3.0.0.jar!/springfox/documentation/swagger/schema/ApiModelPropertyPropertyBuilder.class]
2022-10-27 15:50:16,415 DEBUG [org.springframework.context.annotation.ClassPathBeanDefinitionScanner] Identified candidate component class: URL [jar:file:/C:/Users/hi/.m2/repository/io/springfox/springfox-swagger-common/3.0.0/springfox-swagger-common-3.0.0.jar!/springfox/documentation/swagger/schema/ApiModelTypeNameProvider.class]
2022-10-27 15:50:16,416 DEBUG [org.springframework.context.annotation.ClassPathBeanDefinitionScanner] Identified candidate component class: URL [jar:file:/C:/Users/hi/.m2/repository/io/springfox/springfox-swagger-common/3.0.0/springfox-swagger-common-3.0.0.jar!/springfox/documentation/swagger/schema/ApiModelBuilder.class]
2022-10-27 15:50:16,417 DEBUG [org.springframework.context.annotation.ClassPathBeanDefinitionScanner] Identified candidate component class: URL [jar:file:/C:/Users/hi/.m2/repository/io/springfox/springfox-swagger-common/3.0.0/springfox-swagger-common-3.0.0.jar!/springfox/documentation/swagger/readers/operation/OperationImplicitParameterReader.class]
2022-10-27 15:50:16,417 DEBUG [org.springframework.context.annotation.ClassPathBeanDefinitionScanner] Identified candidate component class: URL [jar:file:/C:/Users/hi/.m2/repository/io/springfox/springfox-swagger-common/3.0.0/springfox-swagger-common-3.0.0.jar!/springfox/documentation/swagger/readers/operation/VendorExtensionsReader.class]
2022-10-27 15:50:16,418 DEBUG [org.springframework.context.annotation.ClassPathBeanDefinitionScanner] Identified candidate component class: URL [jar:file:/C:/Users/hi/.m2/repository/io/springfox/springfox-swagger-common/3.0.0/springfox-swagger-common-3.0.0.jar!/springfox/documentation/swagger/readers/operation/SwaggerOperationResponseClassReader.class]
2022-10-27 15:50:16,418 DEBUG [org.springframework.context.annotation.ClassPathBeanDefinitionScanner] Identified candidate component class: URL [jar:file:/C:/Users/hi/.m2/repository/io/springfox/springfox-swagger-common/3.0.0/springfox-swagger-common-3.0.0.jar!/springfox/documentation/swagger/readers/operation/SwaggerOperationModelsProvider.class]
2022-10-27 15:50:16,418 DEBUG [org.springframework.context.annotation.ClassPathBeanDefinitionScanner] Identified candidate component class: URL [jar:file:/C:/Users/hi/.m2/repository/io/springfox/springfox-swagger-common/3.0.0/springfox-swagger-common-3.0.0.jar!/springfox/documentation/swagger/readers/operation/OpenApiOperationAuthReader.class]
2022-10-27 15:50:16,418 DEBUG [org.springframework.context.annotation.ClassPathBeanDefinitionScanner] Identified candidate component class: URL [jar:file:/C:/Users/hi/.m2/repository/io/springfox/springfox-swagger-common/3.0.0/springfox-swagger-common-3.0.0.jar!/springfox/documentation/swagger/readers/operation/SwaggerMediaTypeReader.class]
2022-10-27 15:50:16,419 DEBUG [org.springframework.context.annotation.ClassPathBeanDefinitionScanner] Identified candidate component class: URL [jar:file:/C:/Users/hi/.m2/repository/io/springfox/springfox-swagger-common/3.0.0/springfox-swagger-common-3.0.0.jar!/springfox/documentation/swagger/readers/operation/OperationHttpMethodReader.class]
2022-10-27 15:50:16,419 DEBUG [org.springframework.context.annotation.ClassPathBeanDefinitionScanner] Identified candidate component class: URL [jar:file:/C:/Users/hi/.m2/repository/io/springfox/springfox-swagger-common/3.0.0/springfox-swagger-common-3.0.0.jar!/springfox/documentation/swagger/readers/operation/OperationImplicitParametersReader.class]
2022-10-27 15:50:16,419 DEBUG [org.springframework.context.annotation.ClassPathBeanDefinitionScanner] Identified candidate component class: URL [jar:file:/C:/Users/hi/.m2/repository/io/springfox/springfox-swagger-common/3.0.0/springfox-swagger-common-3.0.0.jar!/springfox/documentation/swagger/readers/operation/OperationAuthReader.class]
2022-10-27 15:50:16,420 DEBUG [org.springframework.context.annotation.ClassPathBeanDefinitionScanner] Identified candidate component class: URL [jar:file:/C:/Users/hi/.m2/repository/io/springfox/springfox-swagger-common/3.0.0/springfox-swagger-common-3.0.0.jar!/springfox/documentation/swagger/readers/operation/OperationHiddenReader.class]
2022-10-27 15:50:16,420 DEBUG [org.springframework.context.annotation.ClassPathBeanDefinitionScanner] Identified candidate component class: URL [jar:file:/C:/Users/hi/.m2/repository/io/springfox/springfox-swagger-common/3.0.0/springfox-swagger-common-3.0.0.jar!/springfox/documentation/swagger/readers/operation/OperationSummaryReader.class]
2022-10-27 15:50:16,420 DEBUG [org.springframework.context.annotation.ClassPathBeanDefinitionScanner] Identified candidate component class: URL [jar:file:/C:/Users/hi/.m2/repository/io/springfox/springfox-swagger-common/3.0.0/springfox-swagger-common-3.0.0.jar!/springfox/documentation/swagger/readers/operation/OpenApiOperationTagsReader.class]
2022-10-27 15:50:16,420 DEBUG [org.springframework.context.annotation.ClassPathBeanDefinitionScanner] Identified candidate component class: URL [jar:file:/C:/Users/hi/.m2/repository/io/springfox/springfox-swagger-common/3.0.0/springfox-swagger-common-3.0.0.jar!/springfox/documentation/swagger/readers/operation/SwaggerResponseMessageReader.class]
2022-10-27 15:50:16,421 DEBUG [org.springframework.context.annotation.ClassPathBeanDefinitionScanner] Identified candidate component class: URL [jar:file:/C:/Users/hi/.m2/repository/io/springfox/springfox-swagger-common/3.0.0/springfox-swagger-common-3.0.0.jar!/springfox/documentation/swagger/readers/operation/OperationNicknameIntoUniqueIdReader.class]
2022-10-27 15:50:16,421 DEBUG [org.springframework.context.annotation.ClassPathBeanDefinitionScanner] Identified candidate component class: URL [jar:file:/C:/Users/hi/.m2/repository/io/springfox/springfox-swagger-common/3.0.0/springfox-swagger-common-3.0.0.jar!/springfox/documentation/swagger/readers/operation/OperationPositionReader.class]
2022-10-27 15:50:16,421 DEBUG [org.springframework.context.annotation.ClassPathBeanDefinitionScanner] Identified candidate component class: URL [jar:file:/C:/Users/hi/.m2/repository/io/springfox/springfox-swagger-common/3.0.0/springfox-swagger-common-3.0.0.jar!/springfox/documentation/swagger/readers/operation/OpenApiResponseReader.class]
2022-10-27 15:50:16,421 DEBUG [org.springframework.context.annotation.ClassPathBeanDefinitionScanner] Identified candidate component class: URL [jar:file:/C:/Users/hi/.m2/repository/io/springfox/springfox-swagger-common/3.0.0/springfox-swagger-common-3.0.0.jar!/springfox/documentation/swagger/readers/operation/OperationNotesReader.class]
2022-10-27 15:50:16,422 DEBUG [org.springframework.context.annotation.ClassPathBeanDefinitionScanner] Identified candidate component class: URL [jar:file:/C:/Users/hi/.m2/repository/io/springfox/springfox-swagger-common/3.0.0/springfox-swagger-common-3.0.0.jar!/springfox/documentation/swagger/readers/operation/SwaggerOperationTagsReader.class]
2022-10-27 15:50:16,422 DEBUG [org.springframework.context.annotation.ClassPathBeanDefinitionScanner] Identified candidate component class: URL [jar:file:/C:/Users/hi/.m2/repository/io/springfox/springfox-swagger-common/3.0.0/springfox-swagger-common-3.0.0.jar!/springfox/documentation/swagger/readers/parameter/ApiParamParameterBuilder.class]
2022-10-27 15:50:16,423 DEBUG [org.springframework.context.annotation.ClassPathBeanDefinitionScanner] Identified candidate component class: URL [jar:file:/C:/Users/hi/.m2/repository/io/springfox/springfox-swagger-common/3.0.0/springfox-swagger-common-3.0.0.jar!/springfox/documentation/swagger/readers/parameter/SwaggerExpandedParameterBuilder.class]
2022-10-27 15:50:16,423 DEBUG [org.springframework.context.annotation.ClassPathBeanDefinitionScanner] Identified candidate component class: URL [jar:file:/C:/Users/hi/.m2/repository/io/springfox/springfox-swagger-common/3.0.0/springfox-swagger-common-3.0.0.jar!/springfox/documentation/swagger/readers/parameter/OpenApiParameterBuilder.class]
2022-10-27 15:50:16,427 DEBUG [org.springframework.context.annotation.ClassPathBeanDefinitionScanner] Identified candidate component class: URL [jar:file:/C:/Users/hi/.m2/repository/io/springfox/springfox-swagger-common/3.0.0/springfox-swagger-common-3.0.0.jar!/springfox/documentation/swagger/web/SwaggerApiListingReader.class]
2022-10-27 15:50:16,428 DEBUG [org.springframework.context.annotation.ClassPathBeanDefinitionScanner] Identified candidate component class: URL [jar:file:/C:/Users/hi/.m2/repository/io/springfox/springfox-swagger-common/3.0.0/springfox-swagger-common-3.0.0.jar!/springfox/documentation/swagger/web/InMemorySwaggerResourcesProvider.class]
2022-10-27 15:50:16,429 DEBUG [org.springframework.context.annotation.ClassPathBeanDefinitionScanner] Identified candidate component class: URL [jar:file:/C:/Users/hi/.m2/repository/io/springfox/springfox-swagger-common/3.0.0/springfox-swagger-common-3.0.0.jar!/springfox/documentation/swagger/web/ApiResourceController.class]
2022-10-27 15:50:16,443 DEBUG [org.springframework.context.annotation.ClassPathBeanDefinitionScanner] Identified candidate component class: URL [jar:file:/C:/Users/hi/.m2/repository/io/springfox/springfox-swagger2/3.0.0/springfox-swagger2-3.0.0.jar!/springfox/documentation/swagger2/mappers/ServiceModelToSwagger2MapperImpl.class]
2022-10-27 15:50:16,444 DEBUG [org.springframework.context.annotation.ClassPathBeanDefinitionScanner] Identified candidate component class: URL [jar:file:/C:/Users/hi/.m2/repository/io/springfox/springfox-swagger2/3.0.0/springfox-swagger2-3.0.0.jar!/springfox/documentation/swagger2/mappers/VendorExtensionsMapperImpl.class]
2022-10-27 15:50:16,445 DEBUG [org.springframework.context.annotation.ClassPathBeanDefinitionScanner] Identified candidate component class: URL [jar:file:/C:/Users/hi/.m2/repository/io/springfox/springfox-swagger2/3.0.0/springfox-swagger2-3.0.0.jar!/springfox/documentation/swagger2/mappers/PropertyMapperImpl.class]
2022-10-27 15:50:16,445 DEBUG [org.springframework.context.annotation.ClassPathBeanDefinitionScanner] Identified candidate component class: URL [jar:file:/C:/Users/hi/.m2/repository/io/springfox/springfox-swagger2/3.0.0/springfox-swagger2-3.0.0.jar!/springfox/documentation/swagger2/mappers/CompatibilityModelMapperImpl.class]
2022-10-27 15:50:16,446 DEBUG [org.springframework.context.annotation.ClassPathBeanDefinitionScanner] Identified candidate component class: URL [jar:file:/C:/Users/hi/.m2/repository/io/springfox/springfox-swagger2/3.0.0/springfox-swagger2-3.0.0.jar!/springfox/documentation/swagger2/mappers/ParameterMapperImpl.class]
2022-10-27 15:50:16,448 DEBUG [org.springframework.context.annotation.ClassPathBeanDefinitionScanner] Identified candidate component class: URL [jar:file:/C:/Users/hi/.m2/repository/io/springfox/springfox-swagger2/3.0.0/springfox-swagger2-3.0.0.jar!/springfox/documentation/swagger2/mappers/ModelMapperImpl.class]
2022-10-27 15:50:16,448 DEBUG [org.springframework.context.annotation.ClassPathBeanDefinitionScanner] Identified candidate component class: URL [jar:file:/C:/Users/hi/.m2/repository/io/springfox/springfox-swagger2/3.0.0/springfox-swagger2-3.0.0.jar!/springfox/documentation/swagger2/mappers/RequestParameterMapperImpl.class]
2022-10-27 15:50:16,448 DEBUG [org.springframework.context.annotation.ClassPathBeanDefinitionScanner] Identified candidate component class: URL [jar:file:/C:/Users/hi/.m2/repository/io/springfox/springfox-swagger2/3.0.0/springfox-swagger2-3.0.0.jar!/springfox/documentation/swagger2/mappers/ModelSpecificationMapperImpl.class]
2022-10-27 15:50:16,448 DEBUG [org.springframework.context.annotation.ClassPathBeanDefinitionScanner] Identified candidate component class: URL [jar:file:/C:/Users/hi/.m2/repository/io/springfox/springfox-swagger2/3.0.0/springfox-swagger2-3.0.0.jar!/springfox/documentation/swagger2/mappers/LicenseMapperImpl.class]
2022-10-27 15:50:16,450 DEBUG [org.springframework.context.annotation.ClassPathBeanDefinitionScanner] Identified candidate component class: URL [jar:file:/C:/Users/hi/.m2/repository/io/springfox/springfox-swagger2/3.0.0/springfox-swagger2-3.0.0.jar!/springfox/documentation/swagger2/mappers/SecurityMapperImpl.class]
2022-10-27 15:50:16,452 DEBUG [org.springframework.context.annotation.ClassPathBeanDefinitionScanner] Identified candidate component class: URL [jar:file:/C:/Users/hi/.m2/repository/io/springfox/springfox-swagger2/3.0.0/springfox-swagger2-3.0.0.jar!/springfox/documentation/swagger2/web/Swagger2ControllerWebMvc.class]
2022-10-27 15:50:16,635 DEBUG [org.springframework.beans.factory.support.DefaultListableBeanFactory] Creating shared instance of singleton bean 'org.springframework.boot.autoconfigure.AutoConfigurationPackages'
2022-10-27 15:50:16,635 DEBUG [org.springframework.boot.autoconfigure.AutoConfigurationPackages] @EnableAutoConfiguration was declared on a class in the package 'nemo'. Automatic @Repository and @Entity scanning is enabled.
2022-10-27 15:50:16,636 DEBUG [org.mybatis.spring.boot.autoconfigure.MybatisAutoConfiguration] Searching for mappers annotated with @Mapper
2022-10-27 15:50:16,637 DEBUG [org.mybatis.spring.boot.autoconfigure.MybatisAutoConfiguration] Using auto-configuration base package 'nemo'
2022-10-27 15:50:16,691  INFO [org.springframework.data.repository.config.RepositoryConfigurationDelegate] Bootstrapping Spring Data JPA repositories in DEFAULT mode.
2022-10-27 15:50:16,698 DEBUG [org.springframework.data.repository.config.RepositoryConfigurationDelegate] Scanning for JPA repositories in packages nemo.
2022-10-27 15:50:16,709 DEBUG [org.springframework.data.repository.config.RepositoryComponentProvider] Identified candidate component class: file [C:\nemo\NEMO\nemo\target\classes\nemo\repository\JpaMemberRepository.class]
2022-10-27 15:50:16,741 DEBUG [org.springframework.context.annotation.ClassPathScanningCandidateComponentProvider] Identified candidate component class: file [C:\nemo\NEMO\nemo\target\classes\nemo\service\JpaMemberServiceImpl.class]
2022-10-27 15:50:16,741 DEBUG [org.springframework.context.annotation.ClassPathScanningCandidateComponentProvider] Identified candidate component class: file [C:\nemo\NEMO\nemo\target\classes\nemo\service\MemberServiceImpl.class]
2022-10-27 15:50:16,750  INFO [org.springframework.data.repository.config.RepositoryConfigurationDelegate] Finished Spring Data repository scanning in 52 ms. Found 1 JPA repository interfaces.
2022-10-27 15:50:16,886 DEBUG [org.springframework.beans.factory.support.DefaultListableBeanFactory] Creating shared instance of singleton bean 'org.mybatis.spring.mapper.MapperScannerConfigurer'
2022-10-27 15:50:16,891 DEBUG [org.springframework.beans.factory.support.DefaultListableBeanFactory] Creating shared instance of singleton bean 'propertySourcesPlaceholderConfigurer'
2022-10-27 15:50:16,901 DEBUG [org.apache.ibatis.logging.LogFactory] Logging initialized using 'class org.apache.ibatis.logging.slf4j.Slf4jImpl' adapter.
2022-10-27 15:50:16,908 DEBUG [org.mybatis.spring.mapper.ClassPathMapperScanner] Identified candidate component class: file [C:\nemo\NEMO\nemo\target\classes\nemo\mapper\MemberMapper.class]
2022-10-27 15:50:16,909 DEBUG [org.mybatis.spring.mapper.ClassPathMapperScanner] Creating MapperFactoryBean with name 'memberMapper' and 'nemo.mapper.MemberMapper' mapperInterface
2022-10-27 15:50:17,010 DEBUG [org.springframework.beans.factory.support.DefaultListableBeanFactory] Creating shared instance of singleton bean 'org.springframework.boot.test.mock.mockito.MockitoPostProcessor'
2022-10-27 15:50:17,012 DEBUG [org.springframework.beans.factory.support.DefaultListableBeanFactory] Creating shared instance of singleton bean 'emBeanDefinitionRegistrarPostProcessor'
2022-10-27 15:50:17,013 DEBUG [org.springframework.beans.factory.support.DefaultListableBeanFactory] Creating shared instance of singleton bean 'org.springframework.boot.sql.init.dependency.DatabaseInitializationDependencyConfigurer$DependsOnDatabaseInitializationPostProcessor'
2022-10-27 15:50:17,070 DEBUG [org.springframework.beans.factory.support.DefaultListableBeanFactory] Creating shared instance of singleton bean 'org.springframework.context.event.internalEventListenerProcessor'
2022-10-27 15:50:17,072 DEBUG [org.springframework.beans.factory.support.DefaultListableBeanFactory] Creating shared instance of singleton bean 'conversionServicePostProcessor'
2022-10-27 15:50:17,084 DEBUG [org.springframework.beans.factory.support.DefaultListableBeanFactory] Creating shared instance of singleton bean 'preserveErrorControllerTargetClassPostProcessor'
2022-10-27 15:50:17,085 DEBUG [org.springframework.beans.factory.support.DefaultListableBeanFactory] Creating shared instance of singleton bean 'org.springframework.context.event.internalEventListenerFactory'
2022-10-27 15:50:17,086 DEBUG [org.springframework.beans.factory.support.DefaultListableBeanFactory] Creating shared instance of singleton bean 'org.springframework.transaction.config.internalTransactionalEventListenerFactory'
2022-10-27 15:50:17,089 DEBUG [org.springframework.beans.factory.support.DefaultListableBeanFactory] Creating shared instance of singleton bean 'org.springframework.boot.test.mock.mockito.MockitoPostProcessor$SpyPostProcessor'
2022-10-27 15:50:17,090 DEBUG [org.springframework.beans.factory.support.DefaultListableBeanFactory] Creating shared instance of singleton bean 'org.springframework.context.annotation.internalAutowiredAnnotationProcessor'
2022-10-27 15:50:17,091 DEBUG [org.springframework.beans.factory.support.DefaultListableBeanFactory] Creating shared instance of singleton bean 'org.springframework.context.annotation.internalCommonAnnotationProcessor'
2022-10-27 15:50:17,094 DEBUG [org.springframework.beans.factory.support.DefaultListableBeanFactory] Creating shared instance of singleton bean 'org.springframework.context.annotation.internalPersistenceAnnotationProcessor'
2022-10-27 15:50:17,094 DEBUG [org.springframework.beans.factory.support.DefaultListableBeanFactory] Creating shared instance of singleton bean 'org.springframework.boot.context.properties.ConfigurationPropertiesBindingPostProcessor'
2022-10-27 15:50:17,095 DEBUG [org.springframework.beans.factory.support.DefaultListableBeanFactory] Creating shared instance of singleton bean 'org.springframework.boot.context.internalConfigurationPropertiesBinder'
2022-10-27 15:50:17,095 DEBUG [org.springframework.beans.factory.support.DefaultListableBeanFactory] Creating shared instance of singleton bean 'org.springframework.boot.context.internalConfigurationPropertiesBinderFactory'
2022-10-27 15:50:17,098 DEBUG [org.springframework.beans.factory.support.DefaultListableBeanFactory] Creating shared instance of singleton bean 'org.springframework.aop.config.internalAutoProxyCreator'
2022-10-27 15:50:17,127 DEBUG [org.springframework.beans.factory.support.DefaultListableBeanFactory] Creating shared instance of singleton bean 'persistenceExceptionTranslationPostProcessor'
2022-10-27 15:50:17,138 DEBUG [org.springframework.beans.factory.support.DefaultListableBeanFactory] Autowiring by type from bean name 'persistenceExceptionTranslationPostProcessor' via factory method to bean named 'environment'
2022-10-27 15:50:17,148 DEBUG [org.springframework.beans.factory.support.DefaultListableBeanFactory] Creating shared instance of singleton bean 'webServerFactoryCustomizerBeanPostProcessor'
2022-10-27 15:50:17,151 DEBUG [org.springframework.beans.factory.support.DefaultListableBeanFactory] Creating shared instance of singleton bean 'errorPageRegistrarBeanPostProcessor'
2022-10-27 15:50:17,154 DEBUG [org.springframework.beans.factory.support.DefaultListableBeanFactory] Creating shared instance of singleton bean 'projectingArgumentResolverBeanPostProcessor'
2022-10-27 15:50:17,156 DEBUG [org.springframework.beans.factory.support.DefaultListableBeanFactory] Creating shared instance of singleton bean 'transactionAdviceAdvisor'
2022-10-27 15:50:17,156 DEBUG [org.springframework.beans.factory.support.DefaultListableBeanFactory] Creating shared instance of singleton bean 'transactionAspect'
2022-10-27 15:50:17,156 DEBUG [org.springframework.beans.factory.support.DefaultListableBeanFactory] Creating shared instance of singleton bean 'org.springframework.transaction.config.internalTransactionAdvisor'
2022-10-27 15:50:17,156 DEBUG [org.springframework.beans.factory.support.DefaultListableBeanFactory] Creating shared instance of singleton bean 'org.springframework.transaction.annotation.ProxyTransactionManagementConfiguration'
2022-10-27 15:50:17,170 DEBUG [org.springframework.aop.aspectj.annotation.ReflectiveAspectJAdvisorFactory] Found AspectJ method: public java.lang.Object nemo.aop.LoggerAspect.logPrinter(org.aspectj.lang.ProceedingJoinPoint) throws java.lang.Throwable
2022-10-27 15:50:17,263 DEBUG [org.springframework.beans.factory.support.DefaultListableBeanFactory] Creating shared instance of singleton bean 'transactionAttributeSource'
2022-10-27 15:50:17,272 DEBUG [org.springframework.beans.factory.support.DefaultListableBeanFactory] Creating shared instance of singleton bean 'transactionInterceptor'
2022-10-27 15:50:17,273 DEBUG [org.springframework.beans.factory.support.DefaultListableBeanFactory] Autowiring by type from bean name 'transactionInterceptor' via factory method to bean named 'transactionAttributeSource'
2022-10-27 15:50:17,286 DEBUG [org.springframework.beans.factory.support.DefaultListableBeanFactory] Autowiring by type from bean name 'org.springframework.transaction.config.internalTransactionAdvisor' via factory method to bean named 'transactionAttributeSource'
2022-10-27 15:50:17,286 DEBUG [org.springframework.beans.factory.support.DefaultListableBeanFactory] Autowiring by type from bean name 'org.springframework.transaction.config.internalTransactionAdvisor' via factory method to bean named 'transactionInterceptor'
2022-10-27 15:50:17,299 DEBUG [org.springframework.beans.factory.support.DefaultListableBeanFactory] Creating shared instance of singleton bean 'transactionManager'
2022-10-27 15:50:17,299 DEBUG [org.springframework.beans.factory.support.DefaultListableBeanFactory] Creating shared instance of singleton bean 'databaseConfiguration'
2022-10-27 15:50:17,303  INFO [org.springframework.context.support.PostProcessorRegistrationDelegate$BeanPostProcessorChecker] Bean 'databaseConfiguration' of type [nemo.configuration.DatabaseConfiguration$$EnhancerBySpringCGLIB$$26550585] is not eligible for getting processed by all BeanPostProcessors (for example: not eligible for auto-proxying)
2022-10-27 15:50:17,315 DEBUG [org.springframework.beans.factory.support.DefaultListableBeanFactory] Creating shared instance of singleton bean 'dataSource'
2022-10-27 15:50:17,316 DEBUG [org.springframework.beans.factory.support.DefaultListableBeanFactory] Creating shared instance of singleton bean 'hikariConfig'
2022-10-27 15:50:17,322 DEBUG [org.springframework.beans.factory.support.DefaultListableBeanFactory] Creating shared instance of singleton bean 'org.springframework.boot.context.properties.BoundConfigurationProperties'
2022-10-27 15:50:17,351 DEBUG [com.zaxxer.hikari.HikariConfig] Driver class net.sf.cj.log4jdbc.sql.jdbcapi.DriverSpy not found in Thread context class loader jdk.internal.loader.ClassLoaders$AppClassLoader@6d21714c, trying classloader jdk.internal.loader.ClassLoaders$AppClassLoader@6d21714c
2022-10-27 15:50:17,351 ERROR [com.zaxxer.hikari.HikariConfig] Failed to load driver class net.sf.cj.log4jdbc.sql.jdbcapi.DriverSpy from HikariConfig class classloader jdk.internal.loader.ClassLoaders$AppClassLoader@6d21714c
2022-10-27 15:50:17,353  WARN [org.springframework.web.context.support.GenericWebApplicationContext] Exception encountered during context initialization - cancelling refresh attempt: org.springframework.beans.factory.BeanCreationException: Error creating bean with name 'projectingArgumentResolverBeanPostProcessor' defined in class path resource [org/springframework/data/web/config/ProjectingArgumentResolverRegistrar.class]: BeanPostProcessor before instantiation of bean failed; nested exception is org.springframework.beans.factory.UnsatisfiedDependencyException: Error creating bean with name 'transactionAspect': Unsatisfied dependency expressed through field 'transactionManager'; nested exception is org.springframework.beans.factory.BeanCreationException: Error creating bean with name 'transactionManager' defined in class path resource [nemo/configuration/DatabaseConfiguration.class]: Bean instantiation via factory method failed; nested exception is org.springframework.beans.BeanInstantiationException: Failed to instantiate [org.springframework.transaction.PlatformTransactionManager]: Factory method 'transactionManager' threw exception; nested exception is org.springframework.beans.factory.BeanCreationException: Error creating bean with name 'dataSource' defined in class path resource [nemo/configuration/DatabaseConfiguration.class]: Bean instantiation via factory method failed; nested exception is org.springframework.beans.BeanInstantiationException: Failed to instantiate [javax.sql.DataSource]: Factory method 'dataSource' threw exception; nested exception is org.springframework.boot.context.properties.ConfigurationPropertiesBindException: Error creating bean with name 'hikariConfig': Could not bind properties to 'HikariConfig' : prefix=spring.datasource.hikari, ignoreInvalidFields=false, ignoreUnknownFields=true; nested exception is org.springframework.boot.context.properties.bind.BindException: Failed to bind properties under 'spring.datasource.hikari' to com.zaxxer.hikari.HikariConfig
2022-10-27 15:50:17,364 DEBUG [org.springframework.boot.devtools.restart.Restarter] Creating new Restarter for thread Thread[main,5,main]
2022-10-27 15:50:17,374 DEBUG [org.springframework.boot.autoconfigure.logging.ConditionEvaluationReportLoggingListener] 


============================
CONDITIONS EVALUATION REPORT
============================


Positive matches:
-----------------

   AopAutoConfiguration matched:
      - @ConditionalOnProperty (spring.aop.auto=true) matched (OnPropertyCondition)

   AopAutoConfiguration.AspectJAutoProxyingConfiguration matched:
      - @ConditionalOnClass found required class 'org.aspectj.weaver.Advice' (OnClassCondition)

   AopAutoConfiguration.AspectJAutoProxyingConfiguration.CglibAutoProxyConfiguration matched:
      - @ConditionalOnProperty (spring.aop.proxy-target-class=true) matched (OnPropertyCondition)

   DataSourceAutoConfiguration matched:
      - @ConditionalOnClass found required classes 'javax.sql.DataSource', 'org.springframework.jdbc.datasource.embedded.EmbeddedDatabaseType' (OnClassCondition)
      - @ConditionalOnMissingBean (types: io.r2dbc.spi.ConnectionFactory; SearchStrategy: all) did not find any beans (OnBeanCondition)

   DataSourceConfiguration.Hikari matched:
      - @ConditionalOnClass found required class 'com.zaxxer.hikari.HikariDataSource' (OnClassCondition)
      - @ConditionalOnProperty (spring.datasource.type=com.zaxxer.hikari.HikariDataSource) matched (OnPropertyCondition)

   DataSourceInitializationConfiguration matched:
      - @ConditionalOnClass found required class 'org.springframework.jdbc.datasource.init.DatabasePopulator' (OnClassCondition)
      - @ConditionalOnSingleCandidate (types: javax.sql.DataSource; SearchStrategy: all) found a single bean 'dataSource'; @ConditionalOnMissingBean (types: org.springframework.boot.autoconfigure.sql.init.SqlDataSourceScriptDatabaseInitializer,org.springframework.boot.autoconfigure.sql.init.SqlR2dbcScriptDatabaseInitializer; SearchStrategy: all) did not find any beans (OnBeanCondition)

   DataSourcePoolMetadataProvidersConfiguration.HikariPoolDataSourceMetadataProviderConfiguration matched:
      - @ConditionalOnClass found required class 'com.zaxxer.hikari.HikariDataSource' (OnClassCondition)

   DataSourceTransactionManagerAutoConfiguration matched:
      - @ConditionalOnClass found required classes 'org.springframework.jdbc.core.JdbcTemplate', 'org.springframework.transaction.TransactionManager' (OnClassCondition)

   DataSourceTransactionManagerAutoConfiguration.JdbcTransactionManagerConfiguration matched:
      - @ConditionalOnSingleCandidate (types: javax.sql.DataSource; SearchStrategy: all) found a single bean 'dataSource' (OnBeanCondition)

   DispatcherServletAutoConfiguration matched:
      - @ConditionalOnClass found required class 'org.springframework.web.servlet.DispatcherServlet' (OnClassCondition)
      - found 'session' scope (OnWebApplicationCondition)

   DispatcherServletAutoConfiguration.DispatcherServletConfiguration matched:
      - @ConditionalOnClass found required class 'javax.servlet.ServletRegistration' (OnClassCondition)
      - Default DispatcherServlet did not find dispatcher servlet beans (DispatcherServletAutoConfiguration.DefaultDispatcherServletCondition)

   DispatcherServletAutoConfiguration.DispatcherServletRegistrationConfiguration matched:
      - @ConditionalOnClass found required class 'javax.servlet.ServletRegistration' (OnClassCondition)
      - DispatcherServlet Registration did not find servlet registration bean (DispatcherServletAutoConfiguration.DispatcherServletRegistrationCondition)

   DispatcherServletAutoConfiguration.DispatcherServletRegistrationConfiguration#dispatcherServletRegistration matched:
      - @ConditionalOnBean (names: dispatcherServlet types: org.springframework.web.servlet.DispatcherServlet; SearchStrategy: all) found bean 'dispatcherServlet' (OnBeanCondition)

   EmbeddedWebServerFactoryCustomizerAutoConfiguration matched:
      - @ConditionalOnWebApplication (required) found 'session' scope (OnWebApplicationCondition)

   EmbeddedWebServerFactoryCustomizerAutoConfiguration.TomcatWebServerFactoryCustomizerConfiguration matched:
      - @ConditionalOnClass found required classes 'org.apache.catalina.startup.Tomcat', 'org.apache.coyote.UpgradeProtocol' (OnClassCondition)

   ErrorMvcAutoConfiguration matched:
      - @ConditionalOnClass found required classes 'javax.servlet.Servlet', 'org.springframework.web.servlet.DispatcherServlet' (OnClassCondition)
      - found 'session' scope (OnWebApplicationCondition)

   ErrorMvcAutoConfiguration#basicErrorController matched:
      - @ConditionalOnMissingBean (types: org.springframework.boot.web.servlet.error.ErrorController; SearchStrategy: current) did not find any beans (OnBeanCondition)

   ErrorMvcAutoConfiguration#errorAttributes matched:
      - @ConditionalOnMissingBean (types: org.springframework.boot.web.servlet.error.ErrorAttributes; SearchStrategy: current) did not find any beans (OnBeanCondition)

   ErrorMvcAutoConfiguration.DefaultErrorViewResolverConfiguration#conventionErrorViewResolver matched:
      - @ConditionalOnBean (types: org.springframework.web.servlet.DispatcherServlet; SearchStrategy: all) found bean 'dispatcherServlet'; @ConditionalOnMissingBean (types: org.springframework.boot.autoconfigure.web.servlet.error.ErrorViewResolver; SearchStrategy: all) did not find any beans (OnBeanCondition)

   ErrorMvcAutoConfiguration.WhitelabelErrorViewConfiguration matched:
      - @ConditionalOnProperty (server.error.whitelabel.enabled) matched (OnPropertyCondition)
      - ErrorTemplate Missing did not find error template view (ErrorMvcAutoConfiguration.ErrorTemplateMissingCondition)

   ErrorMvcAutoConfiguration.WhitelabelErrorViewConfiguration#beanNameViewResolver matched:
      - @ConditionalOnMissingBean (types: org.springframework.web.servlet.view.BeanNameViewResolver; SearchStrategy: all) did not find any beans (OnBeanCondition)

   ErrorMvcAutoConfiguration.WhitelabelErrorViewConfiguration#defaultErrorView matched:
      - @ConditionalOnMissingBean (names: error; SearchStrategy: all) did not find any beans (OnBeanCondition)

   GenericCacheConfiguration matched:
      - Cache org.springframework.boot.autoconfigure.cache.GenericCacheConfiguration automatic cache type (CacheCondition)

   HibernateJpaAutoConfiguration matched:
      - @ConditionalOnClass found required classes 'org.springframework.orm.jpa.LocalContainerEntityManagerFactoryBean', 'javax.persistence.EntityManager', 'org.hibernate.engine.spi.SessionImplementor' (OnClassCondition)

   HibernateJpaConfiguration matched:
      - @ConditionalOnSingleCandidate (types: javax.sql.DataSource; SearchStrategy: all) found a single bean 'dataSource' (OnBeanCondition)

   HttpEncodingAutoConfiguration matched:
      - @ConditionalOnClass found required class 'org.springframework.web.filter.CharacterEncodingFilter' (OnClassCondition)
      - found 'session' scope (OnWebApplicationCondition)
      - @ConditionalOnProperty (server.servlet.encoding.enabled) matched (OnPropertyCondition)

   HttpEncodingAutoConfiguration#characterEncodingFilter matched:
      - @ConditionalOnMissingBean (types: org.springframework.web.filter.CharacterEncodingFilter; SearchStrategy: all) did not find any beans (OnBeanCondition)

   HttpMessageConvertersAutoConfiguration matched:
      - @ConditionalOnClass found required class 'org.springframework.http.converter.HttpMessageConverter' (OnClassCondition)
      - NoneNestedConditions 0 matched 1 did not; NestedCondition on HttpMessageConvertersAutoConfiguration.NotReactiveWebApplicationCondition.ReactiveWebApplication did not find reactive web application classes (HttpMessageConvertersAutoConfiguration.NotReactiveWebApplicationCondition)

   HttpMessageConvertersAutoConfiguration#messageConverters matched:
      - @ConditionalOnMissingBean (types: org.springframework.boot.autoconfigure.http.HttpMessageConverters; SearchStrategy: all) did not find any beans (OnBeanCondition)

   HttpMessageConvertersAutoConfiguration.StringHttpMessageConverterConfiguration matched:
      - @ConditionalOnClass found required class 'org.springframework.http.converter.StringHttpMessageConverter' (OnClassCondition)

   HttpMessageConvertersAutoConfiguration.StringHttpMessageConverterConfiguration#stringHttpMessageConverter matched:
      - @ConditionalOnMissingBean (types: org.springframework.http.converter.StringHttpMessageConverter; SearchStrategy: all) did not find any beans (OnBeanCondition)

   HypermediaAutoConfiguration matched:
      - @ConditionalOnClass found required classes 'org.springframework.hateoas.EntityModel', 'org.springframework.web.bind.annotation.RequestMapping', 'org.springframework.web.servlet.mvc.method.annotation.RequestMappingHandlerAdapter', 'org.springframework.plugin.core.Plugin' (OnClassCondition)
      - @ConditionalOnWebApplication (required) found 'session' scope (OnWebApplicationCondition)

   HypermediaAutoConfiguration#applicationJsonHalConfiguration matched:
      - @ConditionalOnClass found required class 'com.fasterxml.jackson.databind.ObjectMapper' (OnClassCondition)
      - @ConditionalOnProperty (spring.hateoas.use-hal-as-default-json-media-type) matched (OnPropertyCondition)
      - @ConditionalOnMissingBean (types: org.springframework.hateoas.mediatype.hal.HalConfiguration; SearchStrategy: all) did not find any beans (OnBeanCondition)

   HypermediaAutoConfiguration.HypermediaConfiguration matched:
[...]
	at org.springframework.beans.factory.annotation.AutowiredAnnotationBeanPostProcessor$AutowiredFieldElement.resolveFieldValue(AutowiredAnnotationBeanPostProcessor.java:659)
	at org.springframework.beans.factory.annotation.AutowiredAnnotationBeanPostProcessor$AutowiredFieldElement.inject(AutowiredAnnotationBeanPostProcessor.java:639)
	at org.springframework.beans.factory.annotation.InjectionMetadata.inject(InjectionMetadata.java:119)
	at org.springframework.beans.factory.annotation.AutowiredAnnotationBeanPostProcessor.postProcessProperties(AutowiredAnnotationBeanPostProcessor.java:399)
	at org.springframework.beans.factory.support.AbstractAutowireCapableBeanFactory.populateBean(AbstractAutowireCapableBeanFactory.java:1431)
	at org.springframework.beans.factory.support.AbstractAutowireCapableBeanFactory.doCreateBean(AbstractAutowireCapableBeanFactory.java:619)
	at org.springframework.beans.factory.support.AbstractAutowireCapableBeanFactory.createBean(AbstractAutowireCapableBeanFactory.java:542)
	at org.springframework.beans.factory.support.AbstractBeanFactory.lambda$doGetBean$0(AbstractBeanFactory.java:335)
	at org.springframework.beans.factory.support.DefaultSingletonBeanRegistry.getSingleton(DefaultSingletonBeanRegistry.java:234)
	at org.springframework.beans.factory.support.AbstractBeanFactory.doGetBean(AbstractBeanFactory.java:333)
	at org.springframework.beans.factory.support.AbstractBeanFactory.getBean(AbstractBeanFactory.java:208)
	at org.springframework.beans.factory.support.ConstructorResolver.instantiateUsingFactoryMethod(ConstructorResolver.java:410)
	at org.springframework.beans.factory.support.AbstractAutowireCapableBeanFactory.instantiateUsingFactoryMethod(AbstractAutowireCapableBeanFactory.java:1352)
	at org.springframework.beans.factory.support.AbstractAutowireCapableBeanFactory.createBeanInstance(AbstractAutowireCapableBeanFactory.java:1195)
	at org.springframework.beans.factory.support.AbstractAutowireCapableBeanFactory.doCreateBean(AbstractAutowireCapableBeanFactory.java:582)
	at org.springframework.beans.factory.support.AbstractAutowireCapableBeanFactory.createBean(AbstractAutowireCapableBeanFactory.java:542)
	at org.springframework.beans.factory.support.AbstractBeanFactory.lambda$doGetBean$0(AbstractBeanFactory.java:335)
	at org.springframework.beans.factory.support.DefaultSingletonBeanRegistry.getSingleton(DefaultSingletonBeanRegistry.java:234)
	at org.springframework.beans.factory.support.AbstractBeanFactory.doGetBean(AbstractBeanFactory.java:333)
	at org.springframework.beans.factory.support.AbstractBeanFactory.getBean(AbstractBeanFactory.java:213)
	at org.springframework.aop.framework.autoproxy.BeanFactoryAdvisorRetrievalHelper.findAdvisorBeans(BeanFactoryAdvisorRetrievalHelper.java:91)
	at org.springframework.aop.framework.autoproxy.AbstractAdvisorAutoProxyCreator.findCandidateAdvisors(AbstractAdvisorAutoProxyCreator.java:111)
	at org.springframework.aop.aspectj.annotation.AnnotationAwareAspectJAutoProxyCreator.findCandidateAdvisors(AnnotationAwareAspectJAutoProxyCreator.java:92)
	at org.springframework.aop.aspectj.autoproxy.AspectJAwareAdvisorAutoProxyCreator.shouldSkip(AspectJAwareAdvisorAutoProxyCreator.java:101)
	at org.springframework.aop.framework.autoproxy.AbstractAutoProxyCreator.postProcessBeforeInstantiation(AbstractAutoProxyCreator.java:255)
	at org.springframework.beans.factory.support.AbstractAutowireCapableBeanFactory.applyBeanPostProcessorsBeforeInstantiation(AbstractAutowireCapableBeanFactory.java:1160)
	at org.springframework.beans.factory.support.AbstractAutowireCapableBeanFactory.resolveBeforeInstantiation(AbstractAutowireCapableBeanFactory.java:1135)
	at org.springframework.beans.factory.support.AbstractAutowireCapableBeanFactory.createBean(AbstractAutowireCapableBeanFactory.java:531)
	... 80 common frames omitted
Caused by: org.springframework.beans.factory.BeanCreationException: Error creating bean with name 'transactionManager' defined in class path resource [nemo/configuration/DatabaseConfiguration.class]: Bean instantiation via factory method failed; nested exception is org.springframework.beans.BeanInstantiationException: Failed to instantiate [org.springframework.transaction.PlatformTransactionManager]: Factory method 'transactionManager' threw exception; nested exception is org.springframework.beans.factory.BeanCreationException: Error creating bean with name 'dataSource' defined in class path resource [nemo/configuration/DatabaseConfiguration.class]: Bean instantiation via factory method failed; nested exception is org.springframework.beans.BeanInstantiationException: Failed to instantiate [javax.sql.DataSource]: Factory method 'dataSource' threw exception; nested exception is org.springframework.boot.context.properties.ConfigurationPropertiesBindException: Error creating bean with name 'hikariConfig': Could not bind properties to 'HikariConfig' : prefix=spring.datasource.hikari, ignoreInvalidFields=false, ignoreUnknownFields=true; nested exception is org.springframework.boot.context.properties.bind.BindException: Failed to bind properties under 'spring.datasource.hikari' to com.zaxxer.hikari.HikariConfig
	at org.springframework.beans.factory.support.ConstructorResolver.instantiate(ConstructorResolver.java:658)
	at org.springframework.beans.factory.support.ConstructorResolver.instantiateUsingFactoryMethod(ConstructorResolver.java:486)
	at org.springframework.beans.factory.support.AbstractAutowireCapableBeanFactory.instantiateUsingFactoryMethod(AbstractAutowireCapableBeanFactory.java:1352)
	at org.springframework.beans.factory.support.AbstractAutowireCapableBeanFactory.createBeanInstance(AbstractAutowireCapableBeanFactory.java:1195)
	at org.springframework.beans.factory.support.AbstractAutowireCapableBeanFactory.doCreateBean(AbstractAutowireCapableBeanFactory.java:582)
	at org.springframework.beans.factory.support.AbstractAutowireCapableBeanFactory.createBean(AbstractAutowireCapableBeanFactory.java:542)
	at org.springframework.beans.factory.support.AbstractBeanFactory.lambda$doGetBean$0(AbstractBeanFactory.java:335)
	at org.springframework.beans.factory.support.DefaultSingletonBeanRegistry.getSingleton(DefaultSingletonBeanRegistry.java:234)
	at org.springframework.beans.factory.support.AbstractBeanFactory.doGetBean(AbstractBeanFactory.java:333)
	at org.springframework.beans.factory.support.AbstractBeanFactory.getBean(AbstractBeanFactory.java:208)
	at org.springframework.beans.factory.config.DependencyDescriptor.resolveCandidate(DependencyDescriptor.java:276)
	at org.springframework.beans.factory.support.DefaultListableBeanFactory.doResolveDependency(DefaultListableBeanFactory.java:1391)
	at org.springframework.beans.factory.support.DefaultListableBeanFactory.resolveDependency(DefaultListableBeanFactory.java:1311)
	at org.springframework.beans.factory.annotation.AutowiredAnnotationBeanPostProcessor$AutowiredFieldElement.resolveFieldValue(AutowiredAnnotationBeanPostProcessor.java:656)
	... 107 common frames omitted
Caused by: org.springframework.beans.BeanInstantiationException: Failed to instantiate [org.springframework.transaction.PlatformTransactionManager]: Factory method 'transactionManager' threw exception; nested exception is org.springframework.beans.factory.BeanCreationException: Error creating bean with name 'dataSource' defined in class path resource [nemo/configuration/DatabaseConfiguration.class]: Bean instantiation via factory method failed; nested exception is org.springframework.beans.BeanInstantiationException: Failed to instantiate [javax.sql.DataSource]: Factory method 'dataSource' threw exception; nested exception is org.springframework.boot.context.properties.ConfigurationPropertiesBindException: Error creating bean with name 'hikariConfig': Could not bind properties to 'HikariConfig' : prefix=spring.datasource.hikari, ignoreInvalidFields=false, ignoreUnknownFields=true; nested exception is org.springframework.boot.context.properties.bind.BindException: Failed to bind properties under 'spring.datasource.hikari' to com.zaxxer.hikari.HikariConfig
	at org.springframework.beans.factory.support.SimpleInstantiationStrategy.instantiate(SimpleInstantiationStrategy.java:185)
	at org.springframework.beans.factory.support.ConstructorResolver.instantiate(ConstructorResolver.java:653)
	... 120 common frames omitted
Caused by: org.springframework.beans.factory.BeanCreationException: Error creating bean with name 'dataSource' defined in class path resource [nemo/configuration/DatabaseConfiguration.class]: Bean instantiation via factory method failed; nested exception is org.springframework.beans.BeanInstantiationException: Failed to instantiate [javax.sql.DataSource]: Factory method 'dataSource' threw exception; nested exception is org.springframework.boot.context.properties.ConfigurationPropertiesBindException: Error creating bean with name 'hikariConfig': Could not bind properties to 'HikariConfig' : prefix=spring.datasource.hikari, ignoreInvalidFields=false, ignoreUnknownFields=true; nested exception is org.springframework.boot.context.properties.bind.BindException: Failed to bind properties under 'spring.datasource.hikari' to com.zaxxer.hikari.HikariConfig
	at org.springframework.beans.factory.support.ConstructorResolver.instantiate(ConstructorResolver.java:658)
	at org.springframework.beans.factory.support.ConstructorResolver.instantiateUsingFactoryMethod(ConstructorResolver.java:486)
	at org.springframework.beans.factory.support.AbstractAutowireCapableBeanFactory.instantiateUsingFactoryMethod(AbstractAutowireCapableBeanFactory.java:1352)
	at org.springframework.beans.factory.support.AbstractAutowireCapableBeanFactory.createBeanInstance(AbstractAutowireCapableBeanFactory.java:1195)
	at org.springframework.beans.factory.support.AbstractAutowireCapableBeanFactory.doCreateBean(AbstractAutowireCapableBeanFactory.java:582)
	at org.springframework.beans.factory.support.AbstractAutowireCapableBeanFactory.createBean(AbstractAutowireCapableBeanFactory.java:542)
	at org.springframework.beans.factory.support.AbstractBeanFactory.lambda$doGetBean$0(AbstractBeanFactory.java:335)
	at org.springframework.beans.factory.support.DefaultSingletonBeanRegistry.getSingleton(DefaultSingletonBeanRegistry.java:234)
	at org.springframework.beans.factory.support.AbstractBeanFactory.doGetBean(AbstractBeanFactory.java:333)
	at org.springframework.beans.factory.support.AbstractBeanFactory.getBean(AbstractBeanFactory.java:208)
	at org.springframework.context.annotation.ConfigurationClassEnhancer$BeanMethodInterceptor.resolveBeanReference(ConfigurationClassEnhancer.java:362)
	at org.springframework.context.annotation.ConfigurationClassEnhancer$BeanMethodInterceptor.intercept(ConfigurationClassEnhancer.java:334)
	at nemo.configuration.DatabaseConfiguration$$EnhancerBySpringCGLIB$$26550585.dataSource(<generated>)
	at nemo.configuration.DatabaseConfiguration.transactionManager(DatabaseConfiguration.java:31)
	at nemo.configuration.DatabaseConfiguration$$EnhancerBySpringCGLIB$$26550585.CGLIB$transactionManager$1(<generated>)
	at nemo.configuration.DatabaseConfiguration$$EnhancerBySpringCGLIB$$26550585$$FastClassBySpringCGLIB$$d2507551.invoke(<generated>)
	at org.springframework.cglib.proxy.MethodProxy.invokeSuper(MethodProxy.java:244)
	at org.springframework.context.annotation.ConfigurationClassEnhancer$BeanMethodInterceptor.intercept(ConfigurationClassEnhancer.java:331)
	at nemo.configuration.DatabaseConfiguration$$EnhancerBySpringCGLIB$$26550585.transactionManager(<generated>)
	at java.base/jdk.internal.reflect.NativeMethodAccessorImpl.invoke0(Native Method)
	at java.base/jdk.internal.reflect.NativeMethodAccessorImpl.invoke(NativeMethodAccessorImpl.java:77)
	at java.base/jdk.internal.reflect.DelegatingMethodAccessorImpl.invoke(DelegatingMethodAccessorImpl.java:43)
	at java.base/java.lang.reflect.Method.invoke(Method.java:568)
	at org.springframework.beans.factory.support.SimpleInstantiationStrategy.instantiate(SimpleInstantiationStrategy.java:154)
	... 121 common frames omitted
Caused by: org.springframework.beans.BeanInstantiationException: Failed to instantiate [javax.sql.DataSource]: Factory method 'dataSource' threw exception; nested exception is org.springframework.boot.context.properties.ConfigurationPropertiesBindException: Error creating bean with name 'hikariConfig': Could not bind properties to 'HikariConfig' : prefix=spring.datasource.hikari, ignoreInvalidFields=false, ignoreUnknownFields=true; nested exception is org.springframework.boot.context.properties.bind.BindException: Failed to bind properties under 'spring.datasource.hikari' to com.zaxxer.hikari.HikariConfig
	at org.springframework.beans.factory.support.SimpleInstantiationStrategy.instantiate(SimpleInstantiationStrategy.java:185)
	at org.springframework.beans.factory.support.ConstructorResolver.instantiate(ConstructorResolver.java:653)
	... 144 common frames omitted
Caused by: org.springframework.boot.context.properties.ConfigurationPropertiesBindException: Error creating bean with name 'hikariConfig': Could not bind properties to 'HikariConfig' : prefix=spring.datasource.hikari, ignoreInvalidFields=false, ignoreUnknownFields=true; nested exception is org.springframework.boot.context.properties.bind.BindException: Failed to bind properties under 'spring.datasource.hikari' to com.zaxxer.hikari.HikariConfig
	at org.springframework.boot.context.properties.ConfigurationPropertiesBindingPostProcessor.bind(ConfigurationPropertiesBindingPostProcessor.java:92)
	at org.springframework.boot.context.properties.ConfigurationPropertiesBindingPostProcessor.postProcessBeforeInitialization(ConfigurationPropertiesBindingPostProcessor.java:78)
	at org.springframework.beans.factory.support.AbstractAutowireCapableBeanFactory.applyBeanPostProcessorsBeforeInitialization(AbstractAutowireCapableBeanFactory.java:440)
	at org.springframework.beans.factory.support.AbstractAutowireCapableBeanFactory.initializeBean(AbstractAutowireCapableBeanFactory.java:1796)
	at org.springframework.beans.factory.support.AbstractAutowireCapableBeanFactory.doCreateBean(AbstractAutowireCapableBeanFactory.java:620)
	at org.springframework.beans.factory.support.AbstractAutowireCapableBeanFactory.createBean(AbstractAutowireCapableBeanFactory.java:542)
	at org.springframework.beans.factory.support.AbstractBeanFactory.lambda$doGetBean$0(AbstractBeanFactory.java:335)
	at org.springframework.beans.factory.support.DefaultSingletonBeanRegistry.getSingleton(DefaultSingletonBeanRegistry.java:234)
	at org.springframework.beans.factory.support.AbstractBeanFactory.doGetBean(AbstractBeanFactory.java:333)
	at org.springframework.beans.factory.support.AbstractBeanFactory.getBean(AbstractBeanFactory.java:208)
	at org.springframework.context.annotation.ConfigurationClassEnhancer$BeanMethodInterceptor.resolveBeanReference(ConfigurationClassEnhancer.java:362)
	at org.springframework.context.annotation.ConfigurationClassEnhancer$BeanMethodInterceptor.intercept(ConfigurationClassEnhancer.java:334)
	at nemo.configuration.DatabaseConfiguration$$EnhancerBySpringCGLIB$$26550585.hikariConfig(<generated>)
	at nemo.configuration.DatabaseConfiguration.dataSource(DatabaseConfiguration.java:43)
	at nemo.configuration.DatabaseConfiguration$$EnhancerBySpringCGLIB$$26550585.CGLIB$dataSource$2(<generated>)
	at nemo.configuration.DatabaseConfiguration$$EnhancerBySpringCGLIB$$26550585$$FastClassBySpringCGLIB$$d2507551.invoke(<generated>)
	at org.springframework.cglib.proxy.MethodProxy.invokeSuper(MethodProxy.java:244)
	at org.springframework.context.annotation.ConfigurationClassEnhancer$BeanMethodInterceptor.intercept(ConfigurationClassEnhancer.java:331)
	at nemo.configuration.DatabaseConfiguration$$EnhancerBySpringCGLIB$$26550585.dataSource(<generated>)
	at java.base/jdk.internal.reflect.NativeMethodAccessorImpl.invoke0(Native Method)
	at java.base/jdk.internal.reflect.NativeMethodAccessorImpl.invoke(NativeMethodAccessorImpl.java:77)
	at java.base/jdk.internal.reflect.DelegatingMethodAccessorImpl.invoke(DelegatingMethodAccessorImpl.java:43)
	at java.base/java.lang.reflect.Method.invoke(Method.java:568)
	at org.springframework.beans.factory.support.SimpleInstantiationStrategy.instantiate(SimpleInstantiationStrategy.java:154)
	... 145 common frames omitted
Caused by: org.springframework.boot.context.properties.bind.BindException: Failed to bind properties under 'spring.datasource.hikari' to com.zaxxer.hikari.HikariConfig
	at org.springframework.boot.context.properties.bind.Binder.handleBindError(Binder.java:387)
	at org.springframework.boot.context.properties.bind.Binder.bind(Binder.java:347)
	at org.springframework.boot.context.properties.bind.Binder.bind(Binder.java:332)
	at org.springframework.boot.context.properties.bind.Binder.bind(Binder.java:262)
	at org.springframework.boot.context.properties.bind.Binder.bind(Binder.java:249)
	at org.springframework.boot.context.properties.ConfigurationPropertiesBinder.bind(ConfigurationPropertiesBinder.java:95)
	at org.springframework.boot.context.properties.ConfigurationPropertiesBindingPostProcessor.bind(ConfigurationPropertiesBindingPostProcessor.java:89)
	... 168 common frames omitted
Caused by: java.lang.IllegalStateException: Unable to set value for property driver-class-name
	at org.springframework.boot.context.properties.bind.JavaBeanBinder$BeanProperty.setValue(JavaBeanBinder.java:367)
	at org.springframework.boot.context.properties.bind.JavaBeanBinder.bind(JavaBeanBinder.java:101)
	at org.springframework.boot.context.properties.bind.JavaBeanBinder.bind(JavaBeanBinder.java:83)
	at org.springframework.boot.context.properties.bind.JavaBeanBinder.bind(JavaBeanBinder.java:59)
	at org.springframework.boot.context.properties.bind.Binder.lambda$bindDataObject$5(Binder.java:476)
	at org.springframework.boot.context.properties.bind.Binder$Context.withIncreasedDepth(Binder.java:590)
	at org.springframework.boot.context.properties.bind.Binder$Context.withDataObject(Binder.java:576)
	at org.springframework.boot.context.properties.bind.Binder$Context.access$300(Binder.java:537)
	at org.springframework.boot.context.properties.bind.Binder.bindDataObject(Binder.java:474)
	at org.springframework.boot.context.properties.bind.Binder.bindObject(Binder.java:414)
	at org.springframework.boot.context.properties.bind.Binder.bind(Binder.java:343)
	... 173 common frames omitted
Caused by: java.lang.reflect.InvocationTargetException: null
	at java.base/jdk.internal.reflect.NativeMethodAccessorImpl.invoke0(Native Method)
	at java.base/jdk.internal.reflect.NativeMethodAccessorImpl.invoke(NativeMethodAccessorImpl.java:77)
	at java.base/jdk.internal.reflect.DelegatingMethodAccessorImpl.invoke(DelegatingMethodAccessorImpl.java:43)
	at java.base/java.lang.reflect.Method.invoke(Method.java:568)
	at org.springframework.boot.context.properties.bind.JavaBeanBinder$BeanProperty.setValue(JavaBeanBinder.java:364)
	... 183 common frames omitted
Caused by: java.lang.RuntimeException: Failed to load driver class net.sf.cj.log4jdbc.sql.jdbcapi.DriverSpy in either of HikariConfig class loader or Thread context classloader
	at com.zaxxer.hikari.HikariConfig.setDriverClassName(HikariConfig.java:491)
	... 188 common frames omitted
]]></system-out>
  </testcase>
</testsuite>